Non-terminaux inutiles dans la grammaire

    functions
    parametres


Terminaux inutilisés dans la grammaire

    FONCTION


Règles inutiles dans la grammaire

  102 programme: functions programme

  103 functions: FONCTION STRING '(' parametres ')' '{' NL instructions '}' NL

  104 instructions: STRING parametres

  105 parametres: STRING parametres
  106           | ENTIER parametres


État 17 conflits: 5 réduction/réduction
État 33 conflits: 1 décalage/réduction


Grammaire

    0 $accept: main $end

    1 main: TAILLE ENTIER ENTIER ';' programme

    2 programme: instructions ';' NL programme
    3          | boucle NL programme
    4          | COND NL programme
    5          | END ';' NL
    6          | NL programme

    7 boucle: REPETE ENTIER FOIS '{' NL instructions '}'
    8       | WHILE '(' comparaison ')' '{' NL instructions '}'

    9 COND: SI '(' comparaison ')' ALORS '{' NL instructions '}'
   10     | SI '(' comparaisons ')' ALORS '{' NL instructions '}'
   11     | COND NL SINON '{' NL instructions '}'

   12 instructions: figures
   13             | affectation

   14 affectation: STRING '=' figures
   15            | STRING '=' ENTIER
   16            | BOOL STRING '=' TRUE
   17            | BOOL STRING '=' FALSE
   18            | REEL STRING '=' FLOTTANT
   19            | VAR_COULEUR '=' VAL_COULEUR
   20            | VAR_FIGURE '.' TAILLE '=' ENTIER
   21            | VAR_FIGURE '.' LONGUEUR '=' ENTIER
   22            | VAR_FIGURE '.' HAUTEUR '=' ENTIER
   23            | VAR_FIGURE '.' X '=' ENTIER
   24            | VAR_FIGURE '.' Y '=' ENTIER
   25            | VAR_FIGURE '.' COULEUR '=' VAL_COULEUR
   26            | VAR_FIGURE '.' REMPLISSAGE '=' VAL_COULEUR
   27            | VAR_FIGURE '.' EPAISSEUR '=' ENTIER
   28            | VAR_FIGURE '.' OPACITE '=' ENTIER '%'
   29            | VAR_FIGURE '.' ROTATION '=' ENTIER
   30            | VAR_FIGURE '.' X1 '=' ENTIER
   31            | VAR_FIGURE '.' Y1 '=' ENTIER
   32            | VAR_FIGURE '.' X2 '=' ENTIER
   33            | VAR_FIGURE '.' Y2 '=' ENTIER
   34            | VAR_FIGURE '.' X3 '=' ENTIER
   35            | VAR_FIGURE '.' Y3 '=' ENTIER
   36            | VAR_FIGURE '.' X4 '=' ENTIER
   37            | VAR_FIGURE '.' Y4 '=' ENTIER
   38            | VAR_FIGURE '.' RAYON '=' ENTIER

   39 comparaisons: '(' comparaison ')' AND comparaisons
   40             | '(' comparaison ')' AND '(' comparaison ')'

   41 comparaison: ENTIER EGAL ENTIER
   42            | ENTIER DIFF ENTIER
   43            | ENTIER INFEG ENTIER
   44            | ENTIER SUPEG ENTIER
   45            | ENTIER '>' ENTIER
   46            | ENTIER '<' ENTIER
   47            | VAR_COULEUR EST VAL_COULEUR
   48            | VAR_COULEUR NESTPAS VAL_COULEUR

   49 figures: figuresansattr
   50        | figureavecattr

   51 VAR_COULEUR: COULEUR STRING
   52            | STRING

   53 VAR_FIGURE: STRING
   54           | CARRE '[' ENTIER ']'
   55           | RECTANGLE '[' ENTIER ']'
   56           | TRIANGLE '[' ENTIER ']'
   57           | ELLIPSE '[' ENTIER ']'
   58           | CERCLE '[' ENTIER ']'
   59           | TEXTE '[' ENTIER ']'
   60           | CHEMIN '[' ENTIER ']'
   61           | LIGNE '[' ENTIER ']'

   62 figureavecattr: figuresansattr FLECHE ATTRS1
   63               | figuresansattr '{' NL ATTRS2 '}'

   64 figuresansattr: RECTANGLE ENTIER ENTIER ENTIER ENTIER ENTIER ENTIER ENTIER ENTIER
   65               | CARRE ENTIER ENTIER ENTIER
   66               | TRIANGLE ENTIER ENTIER ENTIER ENTIER
   67               | CERCLE ENTIER ENTIER ENTIER
   68               | ELLIPSE ENTIER ENTIER ENTIER ENTIER
   69               | LIGNE ENTIER ENTIER ENTIER ENTIER
   70               | CHEMIN ENTIER ENTIER ',' coords
   71               | TEXTE ENTIER ENTIER STRING STRING

   72 coords: ENTIER ENTIER ',' coords
   73       | ENTIER ENTIER

   74 ATTRS1: ATTR '&' ATTRS1
   75       | ATTR

   76 ATTRS2: ATTR ';' NL ATTRS2
   77       | %empty

   78 ATTR: ROTATION ':' ENTIER
   79     | OPACITE ':' ENTIER '%'
   80     | EPAISSEUR ':' ENTIER
   81     | COULEUR ':' VAL_COULEUR
   82     | REMPLISSAGE ':' VAL_COULEUR

   83 ENTIER: NUMBER
   84       | STRING
   85       | ENTIER '*' ENTIER
   86       | ENTIER '+' ENTIER
   87       | ENTIER '-' ENTIER
   88       | ENTIER '/' ENTIER
   89       | '-' ENTIER
   90       | INT STRING

   91 VAL_COULEUR: RGB '(' NUMBER ',' NUMBER ',' NUMBER ')'
   92            | COULEURG
   93            | ROUGE
   94            | VERT
   95            | JAUNE
   96            | BLEU
   97            | VIOLET
   98            | MAGENTA
   99            | CYAN
  100            | NOIR
  101            | BLANC


Terminaux, suivis des règles où ils apparaissent

    $end (0) 0
    '%' (37) 28 79
    '&' (38) 74
    '(' (40) 8 9 10 39 40 91
    ')' (41) 8 9 10 39 40 91
    '*' (42) 85
    '+' (43) 86
    ',' (44) 70 72 91
    '-' (45) 87 89
    '.' (46) 20 21 22 23 24 25 26 27 28 29 30 31 32 33 34 35 36 37 38
    '/' (47) 88
    ':' (58) 78 79 80 81 82
    ';' (59) 1 2 5 76
    '<' (60) 46
    '=' (61) 14 15 16 17 18 19 20 21 22 23 24 25 26 27 28 29 30 31 32 33 34 35 36 37 38
    '>' (62) 45
    '[' (91) 54 55 56 57 58 59 60 61
    ']' (93) 54 55 56 57 58 59 60 61
    '{' (123) 7 8 9 10 11 63
    '}' (125) 7 8 9 10 11 63
    error (256)
    NL (258) 2 3 4 5 6 7 8 9 10 11 63 76
    END (259) 5
    RECTANGLE (260) 55 64
    CARRE (261) 54 65
    TRIANGLE (262) 56 66
    CERCLE (263) 58 67
    ELLIPSE (264) 57 68
    LIGNE (265) 61 69
    CHEMIN (266) 60 70
    TEXTE (267) 59 71
    NUMBER <int> (268) 83 91
    STRING <std::string> (269) 14 15 16 17 18 51 52 53 71 84 90
    FLECHE (270) 62
    REMPLISSAGE (271) 26 82
    COULEUR (272) 25 51 81
    EPAISSEUR (273) 27 80
    ROTATION (274) 29 78
    OPACITE (275) 28 79
    BOOL <bool> (276) 16 17
    FLOTTANT <double> (277) 18
    TAILLE (278) 1 20
    LONGUEUR (279) 21
    HAUTEUR (280) 22
    X (281) 23
    Y (282) 24
    X1 (283) 30
    X2 (284) 32
    X3 (285) 34
    X4 (286) 36
    Y1 (287) 31
    Y2 (288) 33
    Y3 (289) 35
    Y4 (290) 37
    RAYON (291) 38
    RGB (292) 91
    ROUGE (293) 93
    BLEU (294) 96
    VERT (295) 94
    JAUNE (296) 95
    VIOLET (297) 97
    MAGENTA (298) 98
    CYAN (299) 99
    NOIR (300) 100
    BLANC (301) 101
    TRUE (302) 16
    FALSE (303) 17
    INT (304) 90
    REEL (305) 18
    SI (306) 9 10
    SINON (307) 11
    ALORS (308) 9 10
    EGAL (309) 41
    DIFF (310) 42
    INFEG (311) 43
    SUPEG (312) 44
    EST (313) 47
    NESTPAS (314) 48
    AND (315) 39 40
    WHILE (316) 8
    REPETE (317) 7
    FOIS (318) 7
    FONCTION (319)
    COULEURG (320) 92
    NEG (321)


Non-terminaux, suivis des règles où ils apparaissent

    $accept (86)
        à gauche: 0
    main (87)
        à gauche: 1
        à droite: 0
    programme (88)
        à gauche: 2 3 4 5 6
        à droite: 1 2 3 4 6
    boucle (89)
        à gauche: 7 8
        à droite: 3
    COND (90)
        à gauche: 9 10 11
        à droite: 4 11
    instructions (91)
        à gauche: 12 13
        à droite: 2 7 8 9 10 11
    affectation (92)
        à gauche: 14 15 16 17 18 19 20 21 22 23 24 25 26 27 28 29 30 31 32 33 34 35 36 37 38
        à droite: 13
    comparaisons <ExpressionPtr> (93)
        à gauche: 39 40
        à droite: 10 39
    comparaison <ExpressionPtr> (94)
        à gauche: 41 42 43 44 45 46 47 48
        à droite: 8 9 39 40
    figures <ExpressionPtr> (95)
        à gauche: 49 50
        à droite: 12 14
    VAR_COULEUR <std::string> (96)
        à gauche: 51 52
        à droite: 19 47 48
    VAR_FIGURE <ExpressionPtr> (97)
        à gauche: 53 54 55 56 57 58 59 60 61
        à droite: 20 21 22 23 24 25 26 27 28 29 30 31 32 33 34 35 36 37 38
    figureavecattr <ExpressionPtr> (98)
        à gauche: 62 63
        à droite: 50
    figuresansattr <ExpressionPtr> (99)
        à gauche: 64 65 66 67 68 69 70 71
        à droite: 49 62 63
    coords (100)
        à gauche: 72 73
        à droite: 70 72
    ATTRS1 (101)
        à gauche: 74 75
        à droite: 62 74
    ATTRS2 (102)
        à gauche: 76 77
        à droite: 63 76
    ATTR (103)
        à gauche: 78 79 80 81 82
        à droite: 74 75 76
    ENTIER <ExpressionPtr> (104)
        à gauche: 83 84 85 86 87 88 89 90
        à droite: 1 7 15 20 21 22 23 24 27 28 29 30 31 32 33 34 35 36 37 38 41 42 43 44 45 46 54 55 56 57 58 59 60 61 64 65 66 67 68 69 70 71 72 73 78 79 80 85 86 87 88 89
    VAL_COULEUR <couleur> (105)
        à gauche: 91 92 93 94 95 96 97 98 99 100 101
        à droite: 19 25 26 47 48 81 82


État 0

    0 $accept: • main $end

    TAILLE  décalage et aller à l'état 1

    main  aller à l'état 2


État 1

    1 main: TAILLE • ENTIER ENTIER ';' programme

    NUMBER  décalage et aller à l'état 3
    STRING  décalage et aller à l'état 4
    INT     décalage et aller à l'état 5
    '-'     décalage et aller à l'état 6

    ENTIER  aller à l'état 7


État 2

    0 $accept: main • $end

    $end  décalage et aller à l'état 8


État 3

   83 ENTIER: NUMBER •

    $défaut  réduction par utilisation de la règle 83 (ENTIER)


État 4

   84 ENTIER: STRING •

    $défaut  réduction par utilisation de la règle 84 (ENTIER)


État 5

   90 ENTIER: INT • STRING

    STRING  décalage et aller à l'état 9


État 6

   89 ENTIER: '-' • ENTIER

    NUMBER  décalage et aller à l'état 3
    STRING  décalage et aller à l'état 4
    INT     décalage et aller à l'état 5
    '-'     décalage et aller à l'état 6

    ENTIER  aller à l'état 10


État 7

    1 main: TAILLE ENTIER • ENTIER ';' programme
   85 ENTIER: ENTIER • '*' ENTIER
   86       | ENTIER • '+' ENTIER
   87       | ENTIER • '-' ENTIER
   88       | ENTIER • '/' ENTIER

    NUMBER  décalage et aller à l'état 3
    STRING  décalage et aller à l'état 4
    INT     décalage et aller à l'état 5
    '-'     décalage et aller à l'état 11
    '+'     décalage et aller à l'état 12
    '*'     décalage et aller à l'état 13
    '/'     décalage et aller à l'état 14

    ENTIER  aller à l'état 15


État 8

    0 $accept: main $end •

    $défaut  accepter


État 9

   90 ENTIER: INT STRING •

    $défaut  réduction par utilisation de la règle 90 (ENTIER)


État 10

   85 ENTIER: ENTIER • '*' ENTIER
   86       | ENTIER • '+' ENTIER
   87       | ENTIER • '-' ENTIER
   88       | ENTIER • '/' ENTIER
   89       | '-' ENTIER •

    $défaut  réduction par utilisation de la règle 89 (ENTIER)


État 11

   87 ENTIER: ENTIER '-' • ENTIER
   89       | '-' • ENTIER

    NUMBER  décalage et aller à l'état 3
    STRING  décalage et aller à l'état 4
    INT     décalage et aller à l'état 5
    '-'     décalage et aller à l'état 6

    ENTIER  aller à l'état 17


État 12

   86 ENTIER: ENTIER '+' • ENTIER

    NUMBER  décalage et aller à l'état 3
    STRING  décalage et aller à l'état 4
    INT     décalage et aller à l'état 5
    '-'     décalage et aller à l'état 6

    ENTIER  aller à l'état 18


État 13

   85 ENTIER: ENTIER '*' • ENTIER

    NUMBER  décalage et aller à l'état 3
    STRING  décalage et aller à l'état 4
    INT     décalage et aller à l'état 5
    '-'     décalage et aller à l'état 6

    ENTIER  aller à l'état 19


État 14

   88 ENTIER: ENTIER '/' • ENTIER

    NUMBER  décalage et aller à l'état 3
    STRING  décalage et aller à l'état 4
    INT     décalage et aller à l'état 5
    '-'     décalage et aller à l'état 6

    ENTIER  aller à l'état 20


État 15

    1 main: TAILLE ENTIER ENTIER • ';' programme
   85 ENTIER: ENTIER • '*' ENTIER
   86       | ENTIER • '+' ENTIER
   87       | ENTIER • '-' ENTIER
   88       | ENTIER • '/' ENTIER

    '-'  décalage et aller à l'état 16
    '+'  décalage et aller à l'état 12
    '*'  décalage et aller à l'état 13
    '/'  décalage et aller à l'état 14
    ';'  décalage et aller à l'état 21


État 16

   87 ENTIER: ENTIER '-' • ENTIER

    NUMBER  décalage et aller à l'état 3
    STRING  décalage et aller à l'état 4
    INT     décalage et aller à l'état 5
    '-'     décalage et aller à l'état 6

    ENTIER  aller à l'état 22


État 17

   85 ENTIER: ENTIER • '*' ENTIER
   86       | ENTIER • '+' ENTIER
   87       | ENTIER • '-' ENTIER
   87       | ENTIER '-' ENTIER •
   88       | ENTIER • '/' ENTIER
   89       | '-' ENTIER •

    NUMBER   réduction par utilisation de la règle 87 (ENTIER)
    NUMBER   [réduction par utilisation de la règle 89 (ENTIER)]
    STRING   réduction par utilisation de la règle 87 (ENTIER)
    STRING   [réduction par utilisation de la règle 89 (ENTIER)]
    INT      réduction par utilisation de la règle 87 (ENTIER)
    INT      [réduction par utilisation de la règle 89 (ENTIER)]
    '-'      réduction par utilisation de la règle 87 (ENTIER)
    '-'      [réduction par utilisation de la règle 89 (ENTIER)]
    '+'      réduction par utilisation de la règle 87 (ENTIER)
    '+'      [réduction par utilisation de la règle 89 (ENTIER)]
    $défaut  réduction par utilisation de la règle 89 (ENTIER)


État 18

   85 ENTIER: ENTIER • '*' ENTIER
   86       | ENTIER • '+' ENTIER
   86       | ENTIER '+' ENTIER •
   87       | ENTIER • '-' ENTIER
   88       | ENTIER • '/' ENTIER

    '*'  décalage et aller à l'état 13
    '/'  décalage et aller à l'état 14

    $défaut  réduction par utilisation de la règle 86 (ENTIER)


État 19

   85 ENTIER: ENTIER • '*' ENTIER
   85       | ENTIER '*' ENTIER •
   86       | ENTIER • '+' ENTIER
   87       | ENTIER • '-' ENTIER
   88       | ENTIER • '/' ENTIER

    $défaut  réduction par utilisation de la règle 85 (ENTIER)


État 20

   85 ENTIER: ENTIER • '*' ENTIER
   86       | ENTIER • '+' ENTIER
   87       | ENTIER • '-' ENTIER
   88       | ENTIER • '/' ENTIER
   88       | ENTIER '/' ENTIER •

    $défaut  réduction par utilisation de la règle 88 (ENTIER)


État 21

    1 main: TAILLE ENTIER ENTIER ';' • programme

    NL         décalage et aller à l'état 23
    END        décalage et aller à l'état 24
    RECTANGLE  décalage et aller à l'état 25
    CARRE      décalage et aller à l'état 26
    TRIANGLE   décalage et aller à l'état 27
    CERCLE     décalage et aller à l'état 28
    ELLIPSE    décalage et aller à l'état 29
    LIGNE      décalage et aller à l'état 30
    CHEMIN     décalage et aller à l'état 31
    TEXTE      décalage et aller à l'état 32
    STRING     décalage et aller à l'état 33
    COULEUR    décalage et aller à l'état 34
    BOOL       décalage et aller à l'état 35
    REEL       décalage et aller à l'état 36
    SI         décalage et aller à l'état 37
    WHILE      décalage et aller à l'état 38
    REPETE     décalage et aller à l'état 39

    programme       aller à l'état 40
    boucle          aller à l'état 41
    COND            aller à l'état 42
    instructions    aller à l'état 43
    affectation     aller à l'état 44
    figures         aller à l'état 45
    VAR_COULEUR     aller à l'état 46
    VAR_FIGURE      aller à l'état 47
    figureavecattr  aller à l'état 48
    figuresansattr  aller à l'état 49


État 22

   85 ENTIER: ENTIER • '*' ENTIER
   86       | ENTIER • '+' ENTIER
   87       | ENTIER • '-' ENTIER
   87       | ENTIER '-' ENTIER •
   88       | ENTIER • '/' ENTIER

    '*'  décalage et aller à l'état 13
    '/'  décalage et aller à l'état 14

    $défaut  réduction par utilisation de la règle 87 (ENTIER)


État 23

    6 programme: NL • programme

    NL         décalage et aller à l'état 23
    END        décalage et aller à l'état 24
    RECTANGLE  décalage et aller à l'état 25
    CARRE      décalage et aller à l'état 26
    TRIANGLE   décalage et aller à l'état 27
    CERCLE     décalage et aller à l'état 28
    ELLIPSE    décalage et aller à l'état 29
    LIGNE      décalage et aller à l'état 30
    CHEMIN     décalage et aller à l'état 31
    TEXTE      décalage et aller à l'état 32
    STRING     décalage et aller à l'état 33
    COULEUR    décalage et aller à l'état 34
    BOOL       décalage et aller à l'état 35
    REEL       décalage et aller à l'état 36
    SI         décalage et aller à l'état 37
    WHILE      décalage et aller à l'état 38
    REPETE     décalage et aller à l'état 39

    programme       aller à l'état 50
    boucle          aller à l'état 41
    COND            aller à l'état 42
    instructions    aller à l'état 43
    affectation     aller à l'état 44
    figures         aller à l'état 45
    VAR_COULEUR     aller à l'état 46
    VAR_FIGURE      aller à l'état 47
    figureavecattr  aller à l'état 48
    figuresansattr  aller à l'état 49


État 24

    5 programme: END • ';' NL

    ';'  décalage et aller à l'état 51


État 25

   55 VAR_FIGURE: RECTANGLE • '[' ENTIER ']'
   64 figuresansattr: RECTANGLE • ENTIER ENTIER ENTIER ENTIER ENTIER ENTIER ENTIER ENTIER

    NUMBER  décalage et aller à l'état 3
    STRING  décalage et aller à l'état 4
    INT     décalage et aller à l'état 5
    '-'     décalage et aller à l'état 6
    '['     décalage et aller à l'état 52

    ENTIER  aller à l'état 53


État 26

   54 VAR_FIGURE: CARRE • '[' ENTIER ']'
   65 figuresansattr: CARRE • ENTIER ENTIER ENTIER

    NUMBER  décalage et aller à l'état 3
    STRING  décalage et aller à l'état 4
    INT     décalage et aller à l'état 5
    '-'     décalage et aller à l'état 6
    '['     décalage et aller à l'état 54

    ENTIER  aller à l'état 55


État 27

   56 VAR_FIGURE: TRIANGLE • '[' ENTIER ']'
   66 figuresansattr: TRIANGLE • ENTIER ENTIER ENTIER ENTIER

    NUMBER  décalage et aller à l'état 3
    STRING  décalage et aller à l'état 4
    INT     décalage et aller à l'état 5
    '-'     décalage et aller à l'état 6
    '['     décalage et aller à l'état 56

    ENTIER  aller à l'état 57


État 28

   58 VAR_FIGURE: CERCLE • '[' ENTIER ']'
   67 figuresansattr: CERCLE • ENTIER ENTIER ENTIER

    NUMBER  décalage et aller à l'état 3
    STRING  décalage et aller à l'état 4
    INT     décalage et aller à l'état 5
    '-'     décalage et aller à l'état 6
    '['     décalage et aller à l'état 58

    ENTIER  aller à l'état 59


État 29

   57 VAR_FIGURE: ELLIPSE • '[' ENTIER ']'
   68 figuresansattr: ELLIPSE • ENTIER ENTIER ENTIER ENTIER

    NUMBER  décalage et aller à l'état 3
    STRING  décalage et aller à l'état 4
    INT     décalage et aller à l'état 5
    '-'     décalage et aller à l'état 6
    '['     décalage et aller à l'état 60

    ENTIER  aller à l'état 61


État 30

   61 VAR_FIGURE: LIGNE • '[' ENTIER ']'
   69 figuresansattr: LIGNE • ENTIER ENTIER ENTIER ENTIER

    NUMBER  décalage et aller à l'état 3
    STRING  décalage et aller à l'état 4
    INT     décalage et aller à l'état 5
    '-'     décalage et aller à l'état 6
    '['     décalage et aller à l'état 62

    ENTIER  aller à l'état 63


État 31

   60 VAR_FIGURE: CHEMIN • '[' ENTIER ']'
   70 figuresansattr: CHEMIN • ENTIER ENTIER ',' coords

    NUMBER  décalage et aller à l'état 3
    STRING  décalage et aller à l'état 4
    INT     décalage et aller à l'état 5
    '-'     décalage et aller à l'état 6
    '['     décalage et aller à l'état 64

    ENTIER  aller à l'état 65


État 32

   59 VAR_FIGURE: TEXTE • '[' ENTIER ']'
   71 figuresansattr: TEXTE • ENTIER ENTIER STRING STRING

    NUMBER  décalage et aller à l'état 3
    STRING  décalage et aller à l'état 4
    INT     décalage et aller à l'état 5
    '-'     décalage et aller à l'état 6
    '['     décalage et aller à l'état 66

    ENTIER  aller à l'état 67


État 33

   14 affectation: STRING • '=' figures
   15            | STRING • '=' ENTIER
   52 VAR_COULEUR: STRING •
   53 VAR_FIGURE: STRING •

    '='  décalage et aller à l'état 68

    '='      [réduction par utilisation de la règle 52 (VAR_COULEUR)]
    $défaut  réduction par utilisation de la règle 53 (VAR_FIGURE)


État 34

   51 VAR_COULEUR: COULEUR • STRING

    STRING  décalage et aller à l'état 69


État 35

   16 affectation: BOOL • STRING '=' TRUE
   17            | BOOL • STRING '=' FALSE

    STRING  décalage et aller à l'état 70


État 36

   18 affectation: REEL • STRING '=' FLOTTANT

    STRING  décalage et aller à l'état 71


État 37

    9 COND: SI • '(' comparaison ')' ALORS '{' NL instructions '}'
   10     | SI • '(' comparaisons ')' ALORS '{' NL instructions '}'

    '('  décalage et aller à l'état 72


État 38

    8 boucle: WHILE • '(' comparaison ')' '{' NL instructions '}'

    '('  décalage et aller à l'état 73


État 39

    7 boucle: REPETE • ENTIER FOIS '{' NL instructions '}'

    NUMBER  décalage et aller à l'état 3
    STRING  décalage et aller à l'état 4
    INT     décalage et aller à l'état 5
    '-'     décalage et aller à l'état 6

    ENTIER  aller à l'état 74


État 40

    1 main: TAILLE ENTIER ENTIER ';' programme •

    $défaut  réduction par utilisation de la règle 1 (main)


État 41

    3 programme: boucle • NL programme

    NL  décalage et aller à l'état 75


État 42

    4 programme: COND • NL programme
   11 COND: COND • NL SINON '{' NL instructions '}'

    NL  décalage et aller à l'état 76


État 43

    2 programme: instructions • ';' NL programme

    ';'  décalage et aller à l'état 77


État 44

   13 instructions: affectation •

    $défaut  réduction par utilisation de la règle 13 (instructions)


État 45

   12 instructions: figures •

    $défaut  réduction par utilisation de la règle 12 (instructions)


État 46

   19 affectation: VAR_COULEUR • '=' VAL_COULEUR

    '='  décalage et aller à l'état 78


État 47

   20 affectation: VAR_FIGURE • '.' TAILLE '=' ENTIER
   21            | VAR_FIGURE • '.' LONGUEUR '=' ENTIER
   22            | VAR_FIGURE • '.' HAUTEUR '=' ENTIER
   23            | VAR_FIGURE • '.' X '=' ENTIER
   24            | VAR_FIGURE • '.' Y '=' ENTIER
   25            | VAR_FIGURE • '.' COULEUR '=' VAL_COULEUR
   26            | VAR_FIGURE • '.' REMPLISSAGE '=' VAL_COULEUR
   27            | VAR_FIGURE • '.' EPAISSEUR '=' ENTIER
   28            | VAR_FIGURE • '.' OPACITE '=' ENTIER '%'
   29            | VAR_FIGURE • '.' ROTATION '=' ENTIER
   30            | VAR_FIGURE • '.' X1 '=' ENTIER
   31            | VAR_FIGURE • '.' Y1 '=' ENTIER
   32            | VAR_FIGURE • '.' X2 '=' ENTIER
   33            | VAR_FIGURE • '.' Y2 '=' ENTIER
   34            | VAR_FIGURE • '.' X3 '=' ENTIER
   35            | VAR_FIGURE • '.' Y3 '=' ENTIER
   36            | VAR_FIGURE • '.' X4 '=' ENTIER
   37            | VAR_FIGURE • '.' Y4 '=' ENTIER
   38            | VAR_FIGURE • '.' RAYON '=' ENTIER

    '.'  décalage et aller à l'état 79


État 48

   50 figures: figureavecattr •

    $défaut  réduction par utilisation de la règle 50 (figures)


État 49

   49 figures: figuresansattr •
   62 figureavecattr: figuresansattr • FLECHE ATTRS1
   63               | figuresansattr • '{' NL ATTRS2 '}'

    FLECHE  décalage et aller à l'état 80
    '{'     décalage et aller à l'état 81

    $défaut  réduction par utilisation de la règle 49 (figures)


État 50

    6 programme: NL programme •

    $défaut  réduction par utilisation de la règle 6 (programme)


État 51

    5 programme: END ';' • NL

    NL  décalage et aller à l'état 82


État 52

   55 VAR_FIGURE: RECTANGLE '[' • ENTIER ']'

    NUMBER  décalage et aller à l'état 3
    STRING  décalage et aller à l'état 4
    INT     décalage et aller à l'état 5
    '-'     décalage et aller à l'état 6

    ENTIER  aller à l'état 83


État 53

   64 figuresansattr: RECTANGLE ENTIER • ENTIER ENTIER ENTIER ENTIER ENTIER ENTIER ENTIER
   85 ENTIER: ENTIER • '*' ENTIER
   86       | ENTIER • '+' ENTIER
   87       | ENTIER • '-' ENTIER
   88       | ENTIER • '/' ENTIER

    NUMBER  décalage et aller à l'état 3
    STRING  décalage et aller à l'état 4
    INT     décalage et aller à l'état 5
    '-'     décalage et aller à l'état 11
    '+'     décalage et aller à l'état 12
    '*'     décalage et aller à l'état 13
    '/'     décalage et aller à l'état 14

    ENTIER  aller à l'état 84


État 54

   54 VAR_FIGURE: CARRE '[' • ENTIER ']'

    NUMBER  décalage et aller à l'état 3
    STRING  décalage et aller à l'état 4
    INT     décalage et aller à l'état 5
    '-'     décalage et aller à l'état 6

    ENTIER  aller à l'état 85


État 55

   65 figuresansattr: CARRE ENTIER • ENTIER ENTIER
   85 ENTIER: ENTIER • '*' ENTIER
   86       | ENTIER • '+' ENTIER
   87       | ENTIER • '-' ENTIER
   88       | ENTIER • '/' ENTIER

    NUMBER  décalage et aller à l'état 3
    STRING  décalage et aller à l'état 4
    INT     décalage et aller à l'état 5
    '-'     décalage et aller à l'état 11
    '+'     décalage et aller à l'état 12
    '*'     décalage et aller à l'état 13
    '/'     décalage et aller à l'état 14

    ENTIER  aller à l'état 86


État 56

   56 VAR_FIGURE: TRIANGLE '[' • ENTIER ']'

    NUMBER  décalage et aller à l'état 3
    STRING  décalage et aller à l'état 4
    INT     décalage et aller à l'état 5
    '-'     décalage et aller à l'état 6

    ENTIER  aller à l'état 87


État 57

   66 figuresansattr: TRIANGLE ENTIER • ENTIER ENTIER ENTIER
   85 ENTIER: ENTIER • '*' ENTIER
   86       | ENTIER • '+' ENTIER
   87       | ENTIER • '-' ENTIER
   88       | ENTIER • '/' ENTIER

    NUMBER  décalage et aller à l'état 3
    STRING  décalage et aller à l'état 4
    INT     décalage et aller à l'état 5
    '-'     décalage et aller à l'état 11
    '+'     décalage et aller à l'état 12
    '*'     décalage et aller à l'état 13
    '/'     décalage et aller à l'état 14

    ENTIER  aller à l'état 88


État 58

   58 VAR_FIGURE: CERCLE '[' • ENTIER ']'

    NUMBER  décalage et aller à l'état 3
    STRING  décalage et aller à l'état 4
    INT     décalage et aller à l'état 5
    '-'     décalage et aller à l'état 6

    ENTIER  aller à l'état 89


État 59

   67 figuresansattr: CERCLE ENTIER • ENTIER ENTIER
   85 ENTIER: ENTIER • '*' ENTIER
   86       | ENTIER • '+' ENTIER
   87       | ENTIER • '-' ENTIER
   88       | ENTIER • '/' ENTIER

    NUMBER  décalage et aller à l'état 3
    STRING  décalage et aller à l'état 4
    INT     décalage et aller à l'état 5
    '-'     décalage et aller à l'état 11
    '+'     décalage et aller à l'état 12
    '*'     décalage et aller à l'état 13
    '/'     décalage et aller à l'état 14

    ENTIER  aller à l'état 90


État 60

   57 VAR_FIGURE: ELLIPSE '[' • ENTIER ']'

    NUMBER  décalage et aller à l'état 3
    STRING  décalage et aller à l'état 4
    INT     décalage et aller à l'état 5
    '-'     décalage et aller à l'état 6

    ENTIER  aller à l'état 91


État 61

   68 figuresansattr: ELLIPSE ENTIER • ENTIER ENTIER ENTIER
   85 ENTIER: ENTIER • '*' ENTIER
   86       | ENTIER • '+' ENTIER
   87       | ENTIER • '-' ENTIER
   88       | ENTIER • '/' ENTIER

    NUMBER  décalage et aller à l'état 3
    STRING  décalage et aller à l'état 4
    INT     décalage et aller à l'état 5
    '-'     décalage et aller à l'état 11
    '+'     décalage et aller à l'état 12
    '*'     décalage et aller à l'état 13
    '/'     décalage et aller à l'état 14

    ENTIER  aller à l'état 92


État 62

   61 VAR_FIGURE: LIGNE '[' • ENTIER ']'

    NUMBER  décalage et aller à l'état 3
    STRING  décalage et aller à l'état 4
    INT     décalage et aller à l'état 5
    '-'     décalage et aller à l'état 6

    ENTIER  aller à l'état 93


État 63

   69 figuresansattr: LIGNE ENTIER • ENTIER ENTIER ENTIER
   85 ENTIER: ENTIER • '*' ENTIER
   86       | ENTIER • '+' ENTIER
   87       | ENTIER • '-' ENTIER
   88       | ENTIER • '/' ENTIER

    NUMBER  décalage et aller à l'état 3
    STRING  décalage et aller à l'état 4
    INT     décalage et aller à l'état 5
    '-'     décalage et aller à l'état 11
    '+'     décalage et aller à l'état 12
    '*'     décalage et aller à l'état 13
    '/'     décalage et aller à l'état 14

    ENTIER  aller à l'état 94


État 64

   60 VAR_FIGURE: CHEMIN '[' • ENTIER ']'

    NUMBER  décalage et aller à l'état 3
    STRING  décalage et aller à l'état 4
    INT     décalage et aller à l'état 5
    '-'     décalage et aller à l'état 6

    ENTIER  aller à l'état 95


État 65

   70 figuresansattr: CHEMIN ENTIER • ENTIER ',' coords
   85 ENTIER: ENTIER • '*' ENTIER
   86       | ENTIER • '+' ENTIER
   87       | ENTIER • '-' ENTIER
   88       | ENTIER • '/' ENTIER

    NUMBER  décalage et aller à l'état 3
    STRING  décalage et aller à l'état 4
    INT     décalage et aller à l'état 5
    '-'     décalage et aller à l'état 11
    '+'     décalage et aller à l'état 12
    '*'     décalage et aller à l'état 13
    '/'     décalage et aller à l'état 14

    ENTIER  aller à l'état 96


État 66

   59 VAR_FIGURE: TEXTE '[' • ENTIER ']'

    NUMBER  décalage et aller à l'état 3
    STRING  décalage et aller à l'état 4
    INT     décalage et aller à l'état 5
    '-'     décalage et aller à l'état 6

    ENTIER  aller à l'état 97


État 67

   71 figuresansattr: TEXTE ENTIER • ENTIER STRING STRING
   85 ENTIER: ENTIER • '*' ENTIER
   86       | ENTIER • '+' ENTIER
   87       | ENTIER • '-' ENTIER
   88       | ENTIER • '/' ENTIER

    NUMBER  décalage et aller à l'état 3
    STRING  décalage et aller à l'état 4
    INT     décalage et aller à l'état 5
    '-'     décalage et aller à l'état 11
    '+'     décalage et aller à l'état 12
    '*'     décalage et aller à l'état 13
    '/'     décalage et aller à l'état 14

    ENTIER  aller à l'état 98


État 68

   14 affectation: STRING '=' • figures
   15            | STRING '=' • ENTIER

    RECTANGLE  décalage et aller à l'état 99
    CARRE      décalage et aller à l'état 100
    TRIANGLE   décalage et aller à l'état 101
    CERCLE     décalage et aller à l'état 102
    ELLIPSE    décalage et aller à l'état 103
    LIGNE      décalage et aller à l'état 104
    CHEMIN     décalage et aller à l'état 105
    TEXTE      décalage et aller à l'état 106
    NUMBER     décalage et aller à l'état 3
    STRING     décalage et aller à l'état 4
    INT        décalage et aller à l'état 5
    '-'        décalage et aller à l'état 6

    figures         aller à l'état 107
    figureavecattr  aller à l'état 48
    figuresansattr  aller à l'état 49
    ENTIER          aller à l'état 108


État 69

   51 VAR_COULEUR: COULEUR STRING •

    $défaut  réduction par utilisation de la règle 51 (VAR_COULEUR)


État 70

   16 affectation: BOOL STRING • '=' TRUE
   17            | BOOL STRING • '=' FALSE

    '='  décalage et aller à l'état 109


État 71

   18 affectation: REEL STRING • '=' FLOTTANT

    '='  décalage et aller à l'état 110


État 72

    9 COND: SI '(' • comparaison ')' ALORS '{' NL instructions '}'
   10     | SI '(' • comparaisons ')' ALORS '{' NL instructions '}'

    NUMBER   décalage et aller à l'état 3
    STRING   décalage et aller à l'état 111
    COULEUR  décalage et aller à l'état 34
    INT      décalage et aller à l'état 5
    '-'      décalage et aller à l'état 6
    '('      décalage et aller à l'état 112

    comparaisons  aller à l'état 113
    comparaison   aller à l'état 114
    VAR_COULEUR   aller à l'état 115
    ENTIER        aller à l'état 116


État 73

    8 boucle: WHILE '(' • comparaison ')' '{' NL instructions '}'

    NUMBER   décalage et aller à l'état 3
    STRING   décalage et aller à l'état 111
    COULEUR  décalage et aller à l'état 34
    INT      décalage et aller à l'état 5
    '-'      décalage et aller à l'état 6

    comparaison  aller à l'état 117
    VAR_COULEUR  aller à l'état 115
    ENTIER       aller à l'état 116


État 74

    7 boucle: REPETE ENTIER • FOIS '{' NL instructions '}'
   85 ENTIER: ENTIER • '*' ENTIER
   86       | ENTIER • '+' ENTIER
   87       | ENTIER • '-' ENTIER
   88       | ENTIER • '/' ENTIER

    FOIS  décalage et aller à l'état 118
    '-'   décalage et aller à l'état 16
    '+'   décalage et aller à l'état 12
    '*'   décalage et aller à l'état 13
    '/'   décalage et aller à l'état 14


État 75

    3 programme: boucle NL • programme

    NL         décalage et aller à l'état 23
    END        décalage et aller à l'état 24
    RECTANGLE  décalage et aller à l'état 25
    CARRE      décalage et aller à l'état 26
    TRIANGLE   décalage et aller à l'état 27
    CERCLE     décalage et aller à l'état 28
    ELLIPSE    décalage et aller à l'état 29
    LIGNE      décalage et aller à l'état 30
    CHEMIN     décalage et aller à l'état 31
    TEXTE      décalage et aller à l'état 32
    STRING     décalage et aller à l'état 33
    COULEUR    décalage et aller à l'état 34
    BOOL       décalage et aller à l'état 35
    REEL       décalage et aller à l'état 36
    SI         décalage et aller à l'état 37
    WHILE      décalage et aller à l'état 38
    REPETE     décalage et aller à l'état 39

    programme       aller à l'état 119
    boucle          aller à l'état 41
    COND            aller à l'état 42
    instructions    aller à l'état 43
    affectation     aller à l'état 44
    figures         aller à l'état 45
    VAR_COULEUR     aller à l'état 46
    VAR_FIGURE      aller à l'état 47
    figureavecattr  aller à l'état 48
    figuresansattr  aller à l'état 49


État 76

    4 programme: COND NL • programme
   11 COND: COND NL • SINON '{' NL instructions '}'

    NL         décalage et aller à l'état 23
    END        décalage et aller à l'état 24
    RECTANGLE  décalage et aller à l'état 25
    CARRE      décalage et aller à l'état 26
    TRIANGLE   décalage et aller à l'état 27
    CERCLE     décalage et aller à l'état 28
    ELLIPSE    décalage et aller à l'état 29
    LIGNE      décalage et aller à l'état 30
    CHEMIN     décalage et aller à l'état 31
    TEXTE      décalage et aller à l'état 32
    STRING     décalage et aller à l'état 33
    COULEUR    décalage et aller à l'état 34
    BOOL       décalage et aller à l'état 35
    REEL       décalage et aller à l'état 36
    SI         décalage et aller à l'état 37
    SINON      décalage et aller à l'état 120
    WHILE      décalage et aller à l'état 38
    REPETE     décalage et aller à l'état 39

    programme       aller à l'état 121
    boucle          aller à l'état 41
    COND            aller à l'état 42
    instructions    aller à l'état 43
    affectation     aller à l'état 44
    figures         aller à l'état 45
    VAR_COULEUR     aller à l'état 46
    VAR_FIGURE      aller à l'état 47
    figureavecattr  aller à l'état 48
    figuresansattr  aller à l'état 49


État 77

    2 programme: instructions ';' • NL programme

    NL  décalage et aller à l'état 122


État 78

   19 affectation: VAR_COULEUR '=' • VAL_COULEUR

    RGB       décalage et aller à l'état 123
    ROUGE     décalage et aller à l'état 124
    BLEU      décalage et aller à l'état 125
    VERT      décalage et aller à l'état 126
    JAUNE     décalage et aller à l'état 127
    VIOLET    décalage et aller à l'état 128
    MAGENTA   décalage et aller à l'état 129
    CYAN      décalage et aller à l'état 130
    NOIR      décalage et aller à l'état 131
    BLANC     décalage et aller à l'état 132
    COULEURG  décalage et aller à l'état 133

    VAL_COULEUR  aller à l'état 134


État 79

   20 affectation: VAR_FIGURE '.' • TAILLE '=' ENTIER
   21            | VAR_FIGURE '.' • LONGUEUR '=' ENTIER
   22            | VAR_FIGURE '.' • HAUTEUR '=' ENTIER
   23            | VAR_FIGURE '.' • X '=' ENTIER
   24            | VAR_FIGURE '.' • Y '=' ENTIER
   25            | VAR_FIGURE '.' • COULEUR '=' VAL_COULEUR
   26            | VAR_FIGURE '.' • REMPLISSAGE '=' VAL_COULEUR
   27            | VAR_FIGURE '.' • EPAISSEUR '=' ENTIER
   28            | VAR_FIGURE '.' • OPACITE '=' ENTIER '%'
   29            | VAR_FIGURE '.' • ROTATION '=' ENTIER
   30            | VAR_FIGURE '.' • X1 '=' ENTIER
   31            | VAR_FIGURE '.' • Y1 '=' ENTIER
   32            | VAR_FIGURE '.' • X2 '=' ENTIER
   33            | VAR_FIGURE '.' • Y2 '=' ENTIER
   34            | VAR_FIGURE '.' • X3 '=' ENTIER
   35            | VAR_FIGURE '.' • Y3 '=' ENTIER
   36            | VAR_FIGURE '.' • X4 '=' ENTIER
   37            | VAR_FIGURE '.' • Y4 '=' ENTIER
   38            | VAR_FIGURE '.' • RAYON '=' ENTIER

    REMPLISSAGE  décalage et aller à l'état 135
    COULEUR      décalage et aller à l'état 136
    EPAISSEUR    décalage et aller à l'état 137
    ROTATION     décalage et aller à l'état 138
    OPACITE      décalage et aller à l'état 139
    TAILLE       décalage et aller à l'état 140
    LONGUEUR     décalage et aller à l'état 141
    HAUTEUR      décalage et aller à l'état 142
    X            décalage et aller à l'état 143
    Y            décalage et aller à l'état 144
    X1           décalage et aller à l'état 145
    X2           décalage et aller à l'état 146
    X3           décalage et aller à l'état 147
    X4           décalage et aller à l'état 148
    Y1           décalage et aller à l'état 149
    Y2           décalage et aller à l'état 150
    Y3           décalage et aller à l'état 151
    Y4           décalage et aller à l'état 152
    RAYON        décalage et aller à l'état 153


État 80

   62 figureavecattr: figuresansattr FLECHE • ATTRS1

    REMPLISSAGE  décalage et aller à l'état 154
    COULEUR      décalage et aller à l'état 155
    EPAISSEUR    décalage et aller à l'état 156
    ROTATION     décalage et aller à l'état 157
    OPACITE      décalage et aller à l'état 158

    ATTRS1  aller à l'état 159
    ATTR    aller à l'état 160


État 81

   63 figureavecattr: figuresansattr '{' • NL ATTRS2 '}'

    NL  décalage et aller à l'état 161


État 82

    5 programme: END ';' NL •

    $défaut  réduction par utilisation de la règle 5 (programme)


État 83

   55 VAR_FIGURE: RECTANGLE '[' ENTIER • ']'
   85 ENTIER: ENTIER • '*' ENTIER
   86       | ENTIER • '+' ENTIER
   87       | ENTIER • '-' ENTIER
   88       | ENTIER • '/' ENTIER

    '-'  décalage et aller à l'état 16
    '+'  décalage et aller à l'état 12
    '*'  décalage et aller à l'état 13
    '/'  décalage et aller à l'état 14
    ']'  décalage et aller à l'état 162


État 84

   64 figuresansattr: RECTANGLE ENTIER ENTIER • ENTIER ENTIER ENTIER ENTIER ENTIER ENTIER
   85 ENTIER: ENTIER • '*' ENTIER
   86       | ENTIER • '+' ENTIER
   87       | ENTIER • '-' ENTIER
   88       | ENTIER • '/' ENTIER

    NUMBER  décalage et aller à l'état 3
    STRING  décalage et aller à l'état 4
    INT     décalage et aller à l'état 5
    '-'     décalage et aller à l'état 11
    '+'     décalage et aller à l'état 12
    '*'     décalage et aller à l'état 13
    '/'     décalage et aller à l'état 14

    ENTIER  aller à l'état 163


État 85

   54 VAR_FIGURE: CARRE '[' ENTIER • ']'
   85 ENTIER: ENTIER • '*' ENTIER
   86       | ENTIER • '+' ENTIER
   87       | ENTIER • '-' ENTIER
   88       | ENTIER • '/' ENTIER

    '-'  décalage et aller à l'état 16
    '+'  décalage et aller à l'état 12
    '*'  décalage et aller à l'état 13
    '/'  décalage et aller à l'état 14
    ']'  décalage et aller à l'état 164


État 86

   65 figuresansattr: CARRE ENTIER ENTIER • ENTIER
   85 ENTIER: ENTIER • '*' ENTIER
   86       | ENTIER • '+' ENTIER
   87       | ENTIER • '-' ENTIER
   88       | ENTIER • '/' ENTIER

    NUMBER  décalage et aller à l'état 3
    STRING  décalage et aller à l'état 4
    INT     décalage et aller à l'état 5
    '-'     décalage et aller à l'état 11
    '+'     décalage et aller à l'état 12
    '*'     décalage et aller à l'état 13
    '/'     décalage et aller à l'état 14

    ENTIER  aller à l'état 165


État 87

   56 VAR_FIGURE: TRIANGLE '[' ENTIER • ']'
   85 ENTIER: ENTIER • '*' ENTIER
   86       | ENTIER • '+' ENTIER
   87       | ENTIER • '-' ENTIER
   88       | ENTIER • '/' ENTIER

    '-'  décalage et aller à l'état 16
    '+'  décalage et aller à l'état 12
    '*'  décalage et aller à l'état 13
    '/'  décalage et aller à l'état 14
    ']'  décalage et aller à l'état 166


État 88

   66 figuresansattr: TRIANGLE ENTIER ENTIER • ENTIER ENTIER
   85 ENTIER: ENTIER • '*' ENTIER
   86       | ENTIER • '+' ENTIER
   87       | ENTIER • '-' ENTIER
   88       | ENTIER • '/' ENTIER

    NUMBER  décalage et aller à l'état 3
    STRING  décalage et aller à l'état 4
    INT     décalage et aller à l'état 5
    '-'     décalage et aller à l'état 11
    '+'     décalage et aller à l'état 12
    '*'     décalage et aller à l'état 13
    '/'     décalage et aller à l'état 14

    ENTIER  aller à l'état 167


État 89

   58 VAR_FIGURE: CERCLE '[' ENTIER • ']'
   85 ENTIER: ENTIER • '*' ENTIER
   86       | ENTIER • '+' ENTIER
   87       | ENTIER • '-' ENTIER
   88       | ENTIER • '/' ENTIER

    '-'  décalage et aller à l'état 16
    '+'  décalage et aller à l'état 12
    '*'  décalage et aller à l'état 13
    '/'  décalage et aller à l'état 14
    ']'  décalage et aller à l'état 168


État 90

   67 figuresansattr: CERCLE ENTIER ENTIER • ENTIER
   85 ENTIER: ENTIER • '*' ENTIER
   86       | ENTIER • '+' ENTIER
   87       | ENTIER • '-' ENTIER
   88       | ENTIER • '/' ENTIER

    NUMBER  décalage et aller à l'état 3
    STRING  décalage et aller à l'état 4
    INT     décalage et aller à l'état 5
    '-'     décalage et aller à l'état 11
    '+'     décalage et aller à l'état 12
    '*'     décalage et aller à l'état 13
    '/'     décalage et aller à l'état 14

    ENTIER  aller à l'état 169


État 91

   57 VAR_FIGURE: ELLIPSE '[' ENTIER • ']'
   85 ENTIER: ENTIER • '*' ENTIER
   86       | ENTIER • '+' ENTIER
   87       | ENTIER • '-' ENTIER
   88       | ENTIER • '/' ENTIER

    '-'  décalage et aller à l'état 16
    '+'  décalage et aller à l'état 12
    '*'  décalage et aller à l'état 13
    '/'  décalage et aller à l'état 14
    ']'  décalage et aller à l'état 170


État 92

   68 figuresansattr: ELLIPSE ENTIER ENTIER • ENTIER ENTIER
   85 ENTIER: ENTIER • '*' ENTIER
   86       | ENTIER • '+' ENTIER
   87       | ENTIER • '-' ENTIER
   88       | ENTIER • '/' ENTIER

    NUMBER  décalage et aller à l'état 3
    STRING  décalage et aller à l'état 4
    INT     décalage et aller à l'état 5
    '-'     décalage et aller à l'état 11
    '+'     décalage et aller à l'état 12
    '*'     décalage et aller à l'état 13
    '/'     décalage et aller à l'état 14

    ENTIER  aller à l'état 171


État 93

   61 VAR_FIGURE: LIGNE '[' ENTIER • ']'
   85 ENTIER: ENTIER • '*' ENTIER
   86       | ENTIER • '+' ENTIER
   87       | ENTIER • '-' ENTIER
   88       | ENTIER • '/' ENTIER

    '-'  décalage et aller à l'état 16
    '+'  décalage et aller à l'état 12
    '*'  décalage et aller à l'état 13
    '/'  décalage et aller à l'état 14
    ']'  décalage et aller à l'état 172


État 94

   69 figuresansattr: LIGNE ENTIER ENTIER • ENTIER ENTIER
   85 ENTIER: ENTIER • '*' ENTIER
   86       | ENTIER • '+' ENTIER
   87       | ENTIER • '-' ENTIER
   88       | ENTIER • '/' ENTIER

    NUMBER  décalage et aller à l'état 3
    STRING  décalage et aller à l'état 4
    INT     décalage et aller à l'état 5
    '-'     décalage et aller à l'état 11
    '+'     décalage et aller à l'état 12
    '*'     décalage et aller à l'état 13
    '/'     décalage et aller à l'état 14

    ENTIER  aller à l'état 173


État 95

   60 VAR_FIGURE: CHEMIN '[' ENTIER • ']'
   85 ENTIER: ENTIER • '*' ENTIER
   86       | ENTIER • '+' ENTIER
   87       | ENTIER • '-' ENTIER
   88       | ENTIER • '/' ENTIER

    '-'  décalage et aller à l'état 16
    '+'  décalage et aller à l'état 12
    '*'  décalage et aller à l'état 13
    '/'  décalage et aller à l'état 14
    ']'  décalage et aller à l'état 174


État 96

   70 figuresansattr: CHEMIN ENTIER ENTIER • ',' coords
   85 ENTIER: ENTIER • '*' ENTIER
   86       | ENTIER • '+' ENTIER
   87       | ENTIER • '-' ENTIER
   88       | ENTIER • '/' ENTIER

    '-'  décalage et aller à l'état 16
    '+'  décalage et aller à l'état 12
    '*'  décalage et aller à l'état 13
    '/'  décalage et aller à l'état 14
    ','  décalage et aller à l'état 175


État 97

   59 VAR_FIGURE: TEXTE '[' ENTIER • ']'
   85 ENTIER: ENTIER • '*' ENTIER
   86       | ENTIER • '+' ENTIER
   87       | ENTIER • '-' ENTIER
   88       | ENTIER • '/' ENTIER

    '-'  décalage et aller à l'état 16
    '+'  décalage et aller à l'état 12
    '*'  décalage et aller à l'état 13
    '/'  décalage et aller à l'état 14
    ']'  décalage et aller à l'état 176


État 98

   71 figuresansattr: TEXTE ENTIER ENTIER • STRING STRING
   85 ENTIER: ENTIER • '*' ENTIER
   86       | ENTIER • '+' ENTIER
   87       | ENTIER • '-' ENTIER
   88       | ENTIER • '/' ENTIER

    STRING  décalage et aller à l'état 177
    '-'     décalage et aller à l'état 16
    '+'     décalage et aller à l'état 12
    '*'     décalage et aller à l'état 13
    '/'     décalage et aller à l'état 14


État 99

   64 figuresansattr: RECTANGLE • ENTIER ENTIER ENTIER ENTIER ENTIER ENTIER ENTIER ENTIER

    NUMBER  décalage et aller à l'état 3
    STRING  décalage et aller à l'état 4
    INT     décalage et aller à l'état 5
    '-'     décalage et aller à l'état 6

    ENTIER  aller à l'état 53


État 100

   65 figuresansattr: CARRE • ENTIER ENTIER ENTIER

    NUMBER  décalage et aller à l'état 3
    STRING  décalage et aller à l'état 4
    INT     décalage et aller à l'état 5
    '-'     décalage et aller à l'état 6

    ENTIER  aller à l'état 55


État 101

   66 figuresansattr: TRIANGLE • ENTIER ENTIER ENTIER ENTIER

    NUMBER  décalage et aller à l'état 3
    STRING  décalage et aller à l'état 4
    INT     décalage et aller à l'état 5
    '-'     décalage et aller à l'état 6

    ENTIER  aller à l'état 57


État 102

   67 figuresansattr: CERCLE • ENTIER ENTIER ENTIER

    NUMBER  décalage et aller à l'état 3
    STRING  décalage et aller à l'état 4
    INT     décalage et aller à l'état 5
    '-'     décalage et aller à l'état 6

    ENTIER  aller à l'état 59


État 103

   68 figuresansattr: ELLIPSE • ENTIER ENTIER ENTIER ENTIER

    NUMBER  décalage et aller à l'état 3
    STRING  décalage et aller à l'état 4
    INT     décalage et aller à l'état 5
    '-'     décalage et aller à l'état 6

    ENTIER  aller à l'état 61


État 104

   69 figuresansattr: LIGNE • ENTIER ENTIER ENTIER ENTIER

    NUMBER  décalage et aller à l'état 3
    STRING  décalage et aller à l'état 4
    INT     décalage et aller à l'état 5
    '-'     décalage et aller à l'état 6

    ENTIER  aller à l'état 63


État 105

   70 figuresansattr: CHEMIN • ENTIER ENTIER ',' coords

    NUMBER  décalage et aller à l'état 3
    STRING  décalage et aller à l'état 4
    INT     décalage et aller à l'état 5
    '-'     décalage et aller à l'état 6

    ENTIER  aller à l'état 65


État 106

   71 figuresansattr: TEXTE • ENTIER ENTIER STRING STRING

    NUMBER  décalage et aller à l'état 3
    STRING  décalage et aller à l'état 4
    INT     décalage et aller à l'état 5
    '-'     décalage et aller à l'état 6

    ENTIER  aller à l'état 67


État 107

   14 affectation: STRING '=' figures •

    $défaut  réduction par utilisation de la règle 14 (affectation)


État 108

   15 affectation: STRING '=' ENTIER •
   85 ENTIER: ENTIER • '*' ENTIER
   86       | ENTIER • '+' ENTIER
   87       | ENTIER • '-' ENTIER
   88       | ENTIER • '/' ENTIER

    '-'  décalage et aller à l'état 16
    '+'  décalage et aller à l'état 12
    '*'  décalage et aller à l'état 13
    '/'  décalage et aller à l'état 14

    $défaut  réduction par utilisation de la règle 15 (affectation)


État 109

   16 affectation: BOOL STRING '=' • TRUE
   17            | BOOL STRING '=' • FALSE

    TRUE   décalage et aller à l'état 178
    FALSE  décalage et aller à l'état 179


État 110

   18 affectation: REEL STRING '=' • FLOTTANT

    FLOTTANT  décalage et aller à l'état 180


État 111

   52 VAR_COULEUR: STRING •
   84 ENTIER: STRING •

    EST      réduction par utilisation de la règle 52 (VAR_COULEUR)
    NESTPAS  réduction par utilisation de la règle 52 (VAR_COULEUR)
    $défaut  réduction par utilisation de la règle 84 (ENTIER)


État 112

   39 comparaisons: '(' • comparaison ')' AND comparaisons
   40             | '(' • comparaison ')' AND '(' comparaison ')'

    NUMBER   décalage et aller à l'état 3
    STRING   décalage et aller à l'état 111
    COULEUR  décalage et aller à l'état 34
    INT      décalage et aller à l'état 5
    '-'      décalage et aller à l'état 6

    comparaison  aller à l'état 181
    VAR_COULEUR  aller à l'état 115
    ENTIER       aller à l'état 116


État 113

   10 COND: SI '(' comparaisons • ')' ALORS '{' NL instructions '}'

    ')'  décalage et aller à l'état 182


État 114

    9 COND: SI '(' comparaison • ')' ALORS '{' NL instructions '}'

    ')'  décalage et aller à l'état 183


État 115

   47 comparaison: VAR_COULEUR • EST VAL_COULEUR
   48            | VAR_COULEUR • NESTPAS VAL_COULEUR

    EST      décalage et aller à l'état 184
    NESTPAS  décalage et aller à l'état 185


État 116

   41 comparaison: ENTIER • EGAL ENTIER
   42            | ENTIER • DIFF ENTIER
   43            | ENTIER • INFEG ENTIER
   44            | ENTIER • SUPEG ENTIER
   45            | ENTIER • '>' ENTIER
   46            | ENTIER • '<' ENTIER
   85 ENTIER: ENTIER • '*' ENTIER
   86       | ENTIER • '+' ENTIER
   87       | ENTIER • '-' ENTIER
   88       | ENTIER • '/' ENTIER

    EGAL   décalage et aller à l'état 186
    DIFF   décalage et aller à l'état 187
    INFEG  décalage et aller à l'état 188
    SUPEG  décalage et aller à l'état 189
    '-'    décalage et aller à l'état 16
    '+'    décalage et aller à l'état 12
    '*'    décalage et aller à l'état 13
    '/'    décalage et aller à l'état 14
    '>'    décalage et aller à l'état 190
    '<'    décalage et aller à l'état 191


État 117

    8 boucle: WHILE '(' comparaison • ')' '{' NL instructions '}'

    ')'  décalage et aller à l'état 192


État 118

    7 boucle: REPETE ENTIER FOIS • '{' NL instructions '}'

    '{'  décalage et aller à l'état 193


État 119

    3 programme: boucle NL programme •

    $défaut  réduction par utilisation de la règle 3 (programme)


État 120

   11 COND: COND NL SINON • '{' NL instructions '}'

    '{'  décalage et aller à l'état 194


État 121

    4 programme: COND NL programme •

    $défaut  réduction par utilisation de la règle 4 (programme)


État 122

    2 programme: instructions ';' NL • programme

    NL         décalage et aller à l'état 23
    END        décalage et aller à l'état 24
    RECTANGLE  décalage et aller à l'état 25
    CARRE      décalage et aller à l'état 26
    TRIANGLE   décalage et aller à l'état 27
    CERCLE     décalage et aller à l'état 28
    ELLIPSE    décalage et aller à l'état 29
    LIGNE      décalage et aller à l'état 30
    CHEMIN     décalage et aller à l'état 31
    TEXTE      décalage et aller à l'état 32
    STRING     décalage et aller à l'état 33
    COULEUR    décalage et aller à l'état 34
    BOOL       décalage et aller à l'état 35
    REEL       décalage et aller à l'état 36
    SI         décalage et aller à l'état 37
    WHILE      décalage et aller à l'état 38
    REPETE     décalage et aller à l'état 39

    programme       aller à l'état 195
    boucle          aller à l'état 41
    COND            aller à l'état 42
    instructions    aller à l'état 43
    affectation     aller à l'état 44
    figures         aller à l'état 45
    VAR_COULEUR     aller à l'état 46
    VAR_FIGURE      aller à l'état 47
    figureavecattr  aller à l'état 48
    figuresansattr  aller à l'état 49


État 123

   91 VAL_COULEUR: RGB • '(' NUMBER ',' NUMBER ',' NUMBER ')'

    '('  décalage et aller à l'état 196


État 124

   93 VAL_COULEUR: ROUGE •

    $défaut  réduction par utilisation de la règle 93 (VAL_COULEUR)


État 125

   96 VAL_COULEUR: BLEU •

    $défaut  réduction par utilisation de la règle 96 (VAL_COULEUR)


État 126

   94 VAL_COULEUR: VERT •

    $défaut  réduction par utilisation de la règle 94 (VAL_COULEUR)


État 127

   95 VAL_COULEUR: JAUNE •

    $défaut  réduction par utilisation de la règle 95 (VAL_COULEUR)


État 128

   97 VAL_COULEUR: VIOLET •

    $défaut  réduction par utilisation de la règle 97 (VAL_COULEUR)


État 129

   98 VAL_COULEUR: MAGENTA •

    $défaut  réduction par utilisation de la règle 98 (VAL_COULEUR)


État 130

   99 VAL_COULEUR: CYAN •

    $défaut  réduction par utilisation de la règle 99 (VAL_COULEUR)


État 131

  100 VAL_COULEUR: NOIR •

    $défaut  réduction par utilisation de la règle 100 (VAL_COULEUR)


État 132

  101 VAL_COULEUR: BLANC •

    $défaut  réduction par utilisation de la règle 101 (VAL_COULEUR)


État 133

   92 VAL_COULEUR: COULEURG •

    $défaut  réduction par utilisation de la règle 92 (VAL_COULEUR)


État 134

   19 affectation: VAR_COULEUR '=' VAL_COULEUR •

    $défaut  réduction par utilisation de la règle 19 (affectation)


État 135

   26 affectation: VAR_FIGURE '.' REMPLISSAGE • '=' VAL_COULEUR

    '='  décalage et aller à l'état 197


État 136

   25 affectation: VAR_FIGURE '.' COULEUR • '=' VAL_COULEUR

    '='  décalage et aller à l'état 198


État 137

   27 affectation: VAR_FIGURE '.' EPAISSEUR • '=' ENTIER

    '='  décalage et aller à l'état 199


État 138

   29 affectation: VAR_FIGURE '.' ROTATION • '=' ENTIER

    '='  décalage et aller à l'état 200


État 139

   28 affectation: VAR_FIGURE '.' OPACITE • '=' ENTIER '%'

    '='  décalage et aller à l'état 201


État 140

   20 affectation: VAR_FIGURE '.' TAILLE • '=' ENTIER

    '='  décalage et aller à l'état 202


État 141

   21 affectation: VAR_FIGURE '.' LONGUEUR • '=' ENTIER

    '='  décalage et aller à l'état 203


État 142

   22 affectation: VAR_FIGURE '.' HAUTEUR • '=' ENTIER

    '='  décalage et aller à l'état 204


État 143

   23 affectation: VAR_FIGURE '.' X • '=' ENTIER

    '='  décalage et aller à l'état 205


État 144

   24 affectation: VAR_FIGURE '.' Y • '=' ENTIER

    '='  décalage et aller à l'état 206


État 145

   30 affectation: VAR_FIGURE '.' X1 • '=' ENTIER

    '='  décalage et aller à l'état 207


État 146

   32 affectation: VAR_FIGURE '.' X2 • '=' ENTIER

    '='  décalage et aller à l'état 208


État 147

   34 affectation: VAR_FIGURE '.' X3 • '=' ENTIER

    '='  décalage et aller à l'état 209


État 148

   36 affectation: VAR_FIGURE '.' X4 • '=' ENTIER

    '='  décalage et aller à l'état 210


État 149

   31 affectation: VAR_FIGURE '.' Y1 • '=' ENTIER

    '='  décalage et aller à l'état 211


État 150

   33 affectation: VAR_FIGURE '.' Y2 • '=' ENTIER

    '='  décalage et aller à l'état 212


État 151

   35 affectation: VAR_FIGURE '.' Y3 • '=' ENTIER

    '='  décalage et aller à l'état 213


État 152

   37 affectation: VAR_FIGURE '.' Y4 • '=' ENTIER

    '='  décalage et aller à l'état 214


État 153

   38 affectation: VAR_FIGURE '.' RAYON • '=' ENTIER

    '='  décalage et aller à l'état 215


État 154

   82 ATTR: REMPLISSAGE • ':' VAL_COULEUR

    ':'  décalage et aller à l'état 216


État 155

   81 ATTR: COULEUR • ':' VAL_COULEUR

    ':'  décalage et aller à l'état 217


État 156

   80 ATTR: EPAISSEUR • ':' ENTIER

    ':'  décalage et aller à l'état 218


État 157

   78 ATTR: ROTATION • ':' ENTIER

    ':'  décalage et aller à l'état 219


État 158

   79 ATTR: OPACITE • ':' ENTIER '%'

    ':'  décalage et aller à l'état 220


État 159

   62 figureavecattr: figuresansattr FLECHE ATTRS1 •

    $défaut  réduction par utilisation de la règle 62 (figureavecattr)


État 160

   74 ATTRS1: ATTR • '&' ATTRS1
   75       | ATTR •

    '&'  décalage et aller à l'état 221

    $défaut  réduction par utilisation de la règle 75 (ATTRS1)


État 161

   63 figureavecattr: figuresansattr '{' NL • ATTRS2 '}'

    REMPLISSAGE  décalage et aller à l'état 154
    COULEUR      décalage et aller à l'état 155
    EPAISSEUR    décalage et aller à l'état 156
    ROTATION     décalage et aller à l'état 157
    OPACITE      décalage et aller à l'état 158

    $défaut  réduction par utilisation de la règle 77 (ATTRS2)

    ATTRS2  aller à l'état 222
    ATTR    aller à l'état 223


État 162

   55 VAR_FIGURE: RECTANGLE '[' ENTIER ']' •

    $défaut  réduction par utilisation de la règle 55 (VAR_FIGURE)


État 163

   64 figuresansattr: RECTANGLE ENTIER ENTIER ENTIER • ENTIER ENTIER ENTIER ENTIER ENTIER
   85 ENTIER: ENTIER • '*' ENTIER
   86       | ENTIER • '+' ENTIER
   87       | ENTIER • '-' ENTIER
   88       | ENTIER • '/' ENTIER

    NUMBER  décalage et aller à l'état 3
    STRING  décalage et aller à l'état 4
    INT     décalage et aller à l'état 5
    '-'     décalage et aller à l'état 11
    '+'     décalage et aller à l'état 12
    '*'     décalage et aller à l'état 13
    '/'     décalage et aller à l'état 14

    ENTIER  aller à l'état 224


État 164

   54 VAR_FIGURE: CARRE '[' ENTIER ']' •

    $défaut  réduction par utilisation de la règle 54 (VAR_FIGURE)


État 165

   65 figuresansattr: CARRE ENTIER ENTIER ENTIER •
   85 ENTIER: ENTIER • '*' ENTIER
   86       | ENTIER • '+' ENTIER
   87       | ENTIER • '-' ENTIER
   88       | ENTIER • '/' ENTIER

    '-'  décalage et aller à l'état 16
    '+'  décalage et aller à l'état 12
    '*'  décalage et aller à l'état 13
    '/'  décalage et aller à l'état 14

    $défaut  réduction par utilisation de la règle 65 (figuresansattr)


État 166

   56 VAR_FIGURE: TRIANGLE '[' ENTIER ']' •

    $défaut  réduction par utilisation de la règle 56 (VAR_FIGURE)


État 167

   66 figuresansattr: TRIANGLE ENTIER ENTIER ENTIER • ENTIER
   85 ENTIER: ENTIER • '*' ENTIER
   86       | ENTIER • '+' ENTIER
   87       | ENTIER • '-' ENTIER
   88       | ENTIER • '/' ENTIER

    NUMBER  décalage et aller à l'état 3
    STRING  décalage et aller à l'état 4
    INT     décalage et aller à l'état 5
    '-'     décalage et aller à l'état 11
    '+'     décalage et aller à l'état 12
    '*'     décalage et aller à l'état 13
    '/'     décalage et aller à l'état 14

    ENTIER  aller à l'état 225


État 168

   58 VAR_FIGURE: CERCLE '[' ENTIER ']' •

    $défaut  réduction par utilisation de la règle 58 (VAR_FIGURE)


État 169

   67 figuresansattr: CERCLE ENTIER ENTIER ENTIER •
   85 ENTIER: ENTIER • '*' ENTIER
   86       | ENTIER • '+' ENTIER
   87       | ENTIER • '-' ENTIER
   88       | ENTIER • '/' ENTIER

    '-'  décalage et aller à l'état 16
    '+'  décalage et aller à l'état 12
    '*'  décalage et aller à l'état 13
    '/'  décalage et aller à l'état 14

    $défaut  réduction par utilisation de la règle 67 (figuresansattr)


État 170

   57 VAR_FIGURE: ELLIPSE '[' ENTIER ']' •

    $défaut  réduction par utilisation de la règle 57 (VAR_FIGURE)


État 171

   68 figuresansattr: ELLIPSE ENTIER ENTIER ENTIER • ENTIER
   85 ENTIER: ENTIER • '*' ENTIER
   86       | ENTIER • '+' ENTIER
   87       | ENTIER • '-' ENTIER
   88       | ENTIER • '/' ENTIER

    NUMBER  décalage et aller à l'état 3
    STRING  décalage et aller à l'état 4
    INT     décalage et aller à l'état 5
    '-'     décalage et aller à l'état 11
    '+'     décalage et aller à l'état 12
    '*'     décalage et aller à l'état 13
    '/'     décalage et aller à l'état 14

    ENTIER  aller à l'état 226


État 172

   61 VAR_FIGURE: LIGNE '[' ENTIER ']' •

    $défaut  réduction par utilisation de la règle 61 (VAR_FIGURE)


État 173

   69 figuresansattr: LIGNE ENTIER ENTIER ENTIER • ENTIER
   85 ENTIER: ENTIER • '*' ENTIER
   86       | ENTIER • '+' ENTIER
   87       | ENTIER • '-' ENTIER
   88       | ENTIER • '/' ENTIER

    NUMBER  décalage et aller à l'état 3
    STRING  décalage et aller à l'état 4
    INT     décalage et aller à l'état 5
    '-'     décalage et aller à l'état 11
    '+'     décalage et aller à l'état 12
    '*'     décalage et aller à l'état 13
    '/'     décalage et aller à l'état 14

    ENTIER  aller à l'état 227


État 174

   60 VAR_FIGURE: CHEMIN '[' ENTIER ']' •

    $défaut  réduction par utilisation de la règle 60 (VAR_FIGURE)


État 175

   70 figuresansattr: CHEMIN ENTIER ENTIER ',' • coords

    NUMBER  décalage et aller à l'état 3
    STRING  décalage et aller à l'état 4
    INT     décalage et aller à l'état 5
    '-'     décalage et aller à l'état 6

    coords  aller à l'état 228
    ENTIER  aller à l'état 229


État 176

   59 VAR_FIGURE: TEXTE '[' ENTIER ']' •

    $défaut  réduction par utilisation de la règle 59 (VAR_FIGURE)


État 177

   71 figuresansattr: TEXTE ENTIER ENTIER STRING • STRING

    STRING  décalage et aller à l'état 230


État 178

   16 affectation: BOOL STRING '=' TRUE •

    $défaut  réduction par utilisation de la règle 16 (affectation)


État 179

   17 affectation: BOOL STRING '=' FALSE •

    $défaut  réduction par utilisation de la règle 17 (affectation)


État 180

   18 affectation: REEL STRING '=' FLOTTANT •

    $défaut  réduction par utilisation de la règle 18 (affectation)


État 181

   39 comparaisons: '(' comparaison • ')' AND comparaisons
   40             | '(' comparaison • ')' AND '(' comparaison ')'

    ')'  décalage et aller à l'état 231


État 182

   10 COND: SI '(' comparaisons ')' • ALORS '{' NL instructions '}'

    ALORS  décalage et aller à l'état 232


État 183

    9 COND: SI '(' comparaison ')' • ALORS '{' NL instructions '}'

    ALORS  décalage et aller à l'état 233


État 184

   47 comparaison: VAR_COULEUR EST • VAL_COULEUR

    RGB       décalage et aller à l'état 123
    ROUGE     décalage et aller à l'état 124
    BLEU      décalage et aller à l'état 125
    VERT      décalage et aller à l'état 126
    JAUNE     décalage et aller à l'état 127
    VIOLET    décalage et aller à l'état 128
    MAGENTA   décalage et aller à l'état 129
    CYAN      décalage et aller à l'état 130
    NOIR      décalage et aller à l'état 131
    BLANC     décalage et aller à l'état 132
    COULEURG  décalage et aller à l'état 133

    VAL_COULEUR  aller à l'état 234


État 185

   48 comparaison: VAR_COULEUR NESTPAS • VAL_COULEUR

    RGB       décalage et aller à l'état 123
    ROUGE     décalage et aller à l'état 124
    BLEU      décalage et aller à l'état 125
    VERT      décalage et aller à l'état 126
    JAUNE     décalage et aller à l'état 127
    VIOLET    décalage et aller à l'état 128
    MAGENTA   décalage et aller à l'état 129
    CYAN      décalage et aller à l'état 130
    NOIR      décalage et aller à l'état 131
    BLANC     décalage et aller à l'état 132
    COULEURG  décalage et aller à l'état 133

    VAL_COULEUR  aller à l'état 235


État 186

   41 comparaison: ENTIER EGAL • ENTIER

    NUMBER  décalage et aller à l'état 3
    STRING  décalage et aller à l'état 4
    INT     décalage et aller à l'état 5
    '-'     décalage et aller à l'état 6

    ENTIER  aller à l'état 236


État 187

   42 comparaison: ENTIER DIFF • ENTIER

    NUMBER  décalage et aller à l'état 3
    STRING  décalage et aller à l'état 4
    INT     décalage et aller à l'état 5
    '-'     décalage et aller à l'état 6

    ENTIER  aller à l'état 237


État 188

   43 comparaison: ENTIER INFEG • ENTIER

    NUMBER  décalage et aller à l'état 3
    STRING  décalage et aller à l'état 4
    INT     décalage et aller à l'état 5
    '-'     décalage et aller à l'état 6

    ENTIER  aller à l'état 238


État 189

   44 comparaison: ENTIER SUPEG • ENTIER

    NUMBER  décalage et aller à l'état 3
    STRING  décalage et aller à l'état 4
    INT     décalage et aller à l'état 5
    '-'     décalage et aller à l'état 6

    ENTIER  aller à l'état 239


État 190

   45 comparaison: ENTIER '>' • ENTIER

    NUMBER  décalage et aller à l'état 3
    STRING  décalage et aller à l'état 4
    INT     décalage et aller à l'état 5
    '-'     décalage et aller à l'état 6

    ENTIER  aller à l'état 240


État 191

   46 comparaison: ENTIER '<' • ENTIER

    NUMBER  décalage et aller à l'état 3
    STRING  décalage et aller à l'état 4
    INT     décalage et aller à l'état 5
    '-'     décalage et aller à l'état 6

    ENTIER  aller à l'état 241


État 192

    8 boucle: WHILE '(' comparaison ')' • '{' NL instructions '}'

    '{'  décalage et aller à l'état 242


État 193

    7 boucle: REPETE ENTIER FOIS '{' • NL instructions '}'

    NL  décalage et aller à l'état 243


État 194

   11 COND: COND NL SINON '{' • NL instructions '}'

    NL  décalage et aller à l'état 244


État 195

    2 programme: instructions ';' NL programme •

    $défaut  réduction par utilisation de la règle 2 (programme)


État 196

   91 VAL_COULEUR: RGB '(' • NUMBER ',' NUMBER ',' NUMBER ')'

    NUMBER  décalage et aller à l'état 245


État 197

   26 affectation: VAR_FIGURE '.' REMPLISSAGE '=' • VAL_COULEUR

    RGB       décalage et aller à l'état 123
    ROUGE     décalage et aller à l'état 124
    BLEU      décalage et aller à l'état 125
    VERT      décalage et aller à l'état 126
    JAUNE     décalage et aller à l'état 127
    VIOLET    décalage et aller à l'état 128
    MAGENTA   décalage et aller à l'état 129
    CYAN      décalage et aller à l'état 130
    NOIR      décalage et aller à l'état 131
    BLANC     décalage et aller à l'état 132
    COULEURG  décalage et aller à l'état 133

    VAL_COULEUR  aller à l'état 246


État 198

   25 affectation: VAR_FIGURE '.' COULEUR '=' • VAL_COULEUR

    RGB       décalage et aller à l'état 123
    ROUGE     décalage et aller à l'état 124
    BLEU      décalage et aller à l'état 125
    VERT      décalage et aller à l'état 126
    JAUNE     décalage et aller à l'état 127
    VIOLET    décalage et aller à l'état 128
    MAGENTA   décalage et aller à l'état 129
    CYAN      décalage et aller à l'état 130
    NOIR      décalage et aller à l'état 131
    BLANC     décalage et aller à l'état 132
    COULEURG  décalage et aller à l'état 133

    VAL_COULEUR  aller à l'état 247


État 199

   27 affectation: VAR_FIGURE '.' EPAISSEUR '=' • ENTIER

    NUMBER  décalage et aller à l'état 3
    STRING  décalage et aller à l'état 4
    INT     décalage et aller à l'état 5
    '-'     décalage et aller à l'état 6

    ENTIER  aller à l'état 248


État 200

   29 affectation: VAR_FIGURE '.' ROTATION '=' • ENTIER

    NUMBER  décalage et aller à l'état 3
    STRING  décalage et aller à l'état 4
    INT     décalage et aller à l'état 5
    '-'     décalage et aller à l'état 6

    ENTIER  aller à l'état 249


État 201

   28 affectation: VAR_FIGURE '.' OPACITE '=' • ENTIER '%'

    NUMBER  décalage et aller à l'état 3
    STRING  décalage et aller à l'état 4
    INT     décalage et aller à l'état 5
    '-'     décalage et aller à l'état 6

    ENTIER  aller à l'état 250


État 202

   20 affectation: VAR_FIGURE '.' TAILLE '=' • ENTIER

    NUMBER  décalage et aller à l'état 3
    STRING  décalage et aller à l'état 4
    INT     décalage et aller à l'état 5
    '-'     décalage et aller à l'état 6

    ENTIER  aller à l'état 251


État 203

   21 affectation: VAR_FIGURE '.' LONGUEUR '=' • ENTIER

    NUMBER  décalage et aller à l'état 3
    STRING  décalage et aller à l'état 4
    INT     décalage et aller à l'état 5
    '-'     décalage et aller à l'état 6

    ENTIER  aller à l'état 252


État 204

   22 affectation: VAR_FIGURE '.' HAUTEUR '=' • ENTIER

    NUMBER  décalage et aller à l'état 3
    STRING  décalage et aller à l'état 4
    INT     décalage et aller à l'état 5
    '-'     décalage et aller à l'état 6

    ENTIER  aller à l'état 253


État 205

   23 affectation: VAR_FIGURE '.' X '=' • ENTIER

    NUMBER  décalage et aller à l'état 3
    STRING  décalage et aller à l'état 4
    INT     décalage et aller à l'état 5
    '-'     décalage et aller à l'état 6

    ENTIER  aller à l'état 254


État 206

   24 affectation: VAR_FIGURE '.' Y '=' • ENTIER

    NUMBER  décalage et aller à l'état 3
    STRING  décalage et aller à l'état 4
    INT     décalage et aller à l'état 5
    '-'     décalage et aller à l'état 6

    ENTIER  aller à l'état 255


État 207

   30 affectation: VAR_FIGURE '.' X1 '=' • ENTIER

    NUMBER  décalage et aller à l'état 3
    STRING  décalage et aller à l'état 4
    INT     décalage et aller à l'état 5
    '-'     décalage et aller à l'état 6

    ENTIER  aller à l'état 256


État 208

   32 affectation: VAR_FIGURE '.' X2 '=' • ENTIER

    NUMBER  décalage et aller à l'état 3
    STRING  décalage et aller à l'état 4
    INT     décalage et aller à l'état 5
    '-'     décalage et aller à l'état 6

    ENTIER  aller à l'état 257


État 209

   34 affectation: VAR_FIGURE '.' X3 '=' • ENTIER

    NUMBER  décalage et aller à l'état 3
    STRING  décalage et aller à l'état 4
    INT     décalage et aller à l'état 5
    '-'     décalage et aller à l'état 6

    ENTIER  aller à l'état 258


État 210

   36 affectation: VAR_FIGURE '.' X4 '=' • ENTIER

    NUMBER  décalage et aller à l'état 3
    STRING  décalage et aller à l'état 4
    INT     décalage et aller à l'état 5
    '-'     décalage et aller à l'état 6

    ENTIER  aller à l'état 259


État 211

   31 affectation: VAR_FIGURE '.' Y1 '=' • ENTIER

    NUMBER  décalage et aller à l'état 3
    STRING  décalage et aller à l'état 4
    INT     décalage et aller à l'état 5
    '-'     décalage et aller à l'état 6

    ENTIER  aller à l'état 260


État 212

   33 affectation: VAR_FIGURE '.' Y2 '=' • ENTIER

    NUMBER  décalage et aller à l'état 3
    STRING  décalage et aller à l'état 4
    INT     décalage et aller à l'état 5
    '-'     décalage et aller à l'état 6

    ENTIER  aller à l'état 261


État 213

   35 affectation: VAR_FIGURE '.' Y3 '=' • ENTIER

    NUMBER  décalage et aller à l'état 3
    STRING  décalage et aller à l'état 4
    INT     décalage et aller à l'état 5
    '-'     décalage et aller à l'état 6

    ENTIER  aller à l'état 262


État 214

   37 affectation: VAR_FIGURE '.' Y4 '=' • ENTIER

    NUMBER  décalage et aller à l'état 3
    STRING  décalage et aller à l'état 4
    INT     décalage et aller à l'état 5
    '-'     décalage et aller à l'état 6

    ENTIER  aller à l'état 263


État 215

   38 affectation: VAR_FIGURE '.' RAYON '=' • ENTIER

    NUMBER  décalage et aller à l'état 3
    STRING  décalage et aller à l'état 4
    INT     décalage et aller à l'état 5
    '-'     décalage et aller à l'état 6

    ENTIER  aller à l'état 264


État 216

   82 ATTR: REMPLISSAGE ':' • VAL_COULEUR

    RGB       décalage et aller à l'état 123
    ROUGE     décalage et aller à l'état 124
    BLEU      décalage et aller à l'état 125
    VERT      décalage et aller à l'état 126
    JAUNE     décalage et aller à l'état 127
    VIOLET    décalage et aller à l'état 128
    MAGENTA   décalage et aller à l'état 129
    CYAN      décalage et aller à l'état 130
    NOIR      décalage et aller à l'état 131
    BLANC     décalage et aller à l'état 132
    COULEURG  décalage et aller à l'état 133

    VAL_COULEUR  aller à l'état 265


État 217

   81 ATTR: COULEUR ':' • VAL_COULEUR

    RGB       décalage et aller à l'état 123
    ROUGE     décalage et aller à l'état 124
    BLEU      décalage et aller à l'état 125
    VERT      décalage et aller à l'état 126
    JAUNE     décalage et aller à l'état 127
    VIOLET    décalage et aller à l'état 128
    MAGENTA   décalage et aller à l'état 129
    CYAN      décalage et aller à l'état 130
    NOIR      décalage et aller à l'état 131
    BLANC     décalage et aller à l'état 132
    COULEURG  décalage et aller à l'état 133

    VAL_COULEUR  aller à l'état 266


État 218

   80 ATTR: EPAISSEUR ':' • ENTIER

    NUMBER  décalage et aller à l'état 3
    STRING  décalage et aller à l'état 4
    INT     décalage et aller à l'état 5
    '-'     décalage et aller à l'état 6

    ENTIER  aller à l'état 267


État 219

   78 ATTR: ROTATION ':' • ENTIER

    NUMBER  décalage et aller à l'état 3
    STRING  décalage et aller à l'état 4
    INT     décalage et aller à l'état 5
    '-'     décalage et aller à l'état 6

    ENTIER  aller à l'état 268


État 220

   79 ATTR: OPACITE ':' • ENTIER '%'

    NUMBER  décalage et aller à l'état 3
    STRING  décalage et aller à l'état 4
    INT     décalage et aller à l'état 5
    '-'     décalage et aller à l'état 6

    ENTIER  aller à l'état 269


État 221

   74 ATTRS1: ATTR '&' • ATTRS1

    REMPLISSAGE  décalage et aller à l'état 154
    COULEUR      décalage et aller à l'état 155
    EPAISSEUR    décalage et aller à l'état 156
    ROTATION     décalage et aller à l'état 157
    OPACITE      décalage et aller à l'état 158

    ATTRS1  aller à l'état 270
    ATTR    aller à l'état 160


État 222

   63 figureavecattr: figuresansattr '{' NL ATTRS2 • '}'

    '}'  décalage et aller à l'état 271


État 223

   76 ATTRS2: ATTR • ';' NL ATTRS2

    ';'  décalage et aller à l'état 272


État 224

   64 figuresansattr: RECTANGLE ENTIER ENTIER ENTIER ENTIER • ENTIER ENTIER ENTIER ENTIER
   85 ENTIER: ENTIER • '*' ENTIER
   86       | ENTIER • '+' ENTIER
   87       | ENTIER • '-' ENTIER
   88       | ENTIER • '/' ENTIER

    NUMBER  décalage et aller à l'état 3
    STRING  décalage et aller à l'état 4
    INT     décalage et aller à l'état 5
    '-'     décalage et aller à l'état 11
    '+'     décalage et aller à l'état 12
    '*'     décalage et aller à l'état 13
    '/'     décalage et aller à l'état 14

    ENTIER  aller à l'état 273


État 225

   66 figuresansattr: TRIANGLE ENTIER ENTIER ENTIER ENTIER •
   85 ENTIER: ENTIER • '*' ENTIER
   86       | ENTIER • '+' ENTIER
   87       | ENTIER • '-' ENTIER
   88       | ENTIER • '/' ENTIER

    '-'  décalage et aller à l'état 16
    '+'  décalage et aller à l'état 12
    '*'  décalage et aller à l'état 13
    '/'  décalage et aller à l'état 14

    $défaut  réduction par utilisation de la règle 66 (figuresansattr)


État 226

   68 figuresansattr: ELLIPSE ENTIER ENTIER ENTIER ENTIER •
   85 ENTIER: ENTIER • '*' ENTIER
   86       | ENTIER • '+' ENTIER
   87       | ENTIER • '-' ENTIER
   88       | ENTIER • '/' ENTIER

    '-'  décalage et aller à l'état 16
    '+'  décalage et aller à l'état 12
    '*'  décalage et aller à l'état 13
    '/'  décalage et aller à l'état 14

    $défaut  réduction par utilisation de la règle 68 (figuresansattr)


État 227

   69 figuresansattr: LIGNE ENTIER ENTIER ENTIER ENTIER •
   85 ENTIER: ENTIER • '*' ENTIER
   86       | ENTIER • '+' ENTIER
   87       | ENTIER • '-' ENTIER
   88       | ENTIER • '/' ENTIER

    '-'  décalage et aller à l'état 16
    '+'  décalage et aller à l'état 12
    '*'  décalage et aller à l'état 13
    '/'  décalage et aller à l'état 14

    $défaut  réduction par utilisation de la règle 69 (figuresansattr)


État 228

   70 figuresansattr: CHEMIN ENTIER ENTIER ',' coords •

    $défaut  réduction par utilisation de la règle 70 (figuresansattr)


État 229

   72 coords: ENTIER • ENTIER ',' coords
   73       | ENTIER • ENTIER
   85 ENTIER: ENTIER • '*' ENTIER
   86       | ENTIER • '+' ENTIER
   87       | ENTIER • '-' ENTIER
   88       | ENTIER • '/' ENTIER

    NUMBER  décalage et aller à l'état 3
    STRING  décalage et aller à l'état 4
    INT     décalage et aller à l'état 5
    '-'     décalage et aller à l'état 11
    '+'     décalage et aller à l'état 12
    '*'     décalage et aller à l'état 13
    '/'     décalage et aller à l'état 14

    ENTIER  aller à l'état 274


État 230

   71 figuresansattr: TEXTE ENTIER ENTIER STRING STRING •

    $défaut  réduction par utilisation de la règle 71 (figuresansattr)


État 231

   39 comparaisons: '(' comparaison ')' • AND comparaisons
   40             | '(' comparaison ')' • AND '(' comparaison ')'

    AND  décalage et aller à l'état 275


État 232

   10 COND: SI '(' comparaisons ')' ALORS • '{' NL instructions '}'

    '{'  décalage et aller à l'état 276


État 233

    9 COND: SI '(' comparaison ')' ALORS • '{' NL instructions '}'

    '{'  décalage et aller à l'état 277


État 234

   47 comparaison: VAR_COULEUR EST VAL_COULEUR •

    $défaut  réduction par utilisation de la règle 47 (comparaison)


État 235

   48 comparaison: VAR_COULEUR NESTPAS VAL_COULEUR •

    $défaut  réduction par utilisation de la règle 48 (comparaison)


État 236

   41 comparaison: ENTIER EGAL ENTIER •
   85 ENTIER: ENTIER • '*' ENTIER
   86       | ENTIER • '+' ENTIER
   87       | ENTIER • '-' ENTIER
   88       | ENTIER • '/' ENTIER

    '-'  décalage et aller à l'état 16
    '+'  décalage et aller à l'état 12
    '*'  décalage et aller à l'état 13
    '/'  décalage et aller à l'état 14

    $défaut  réduction par utilisation de la règle 41 (comparaison)


État 237

   42 comparaison: ENTIER DIFF ENTIER •
   85 ENTIER: ENTIER • '*' ENTIER
   86       | ENTIER • '+' ENTIER
   87       | ENTIER • '-' ENTIER
   88       | ENTIER • '/' ENTIER

    '-'  décalage et aller à l'état 16
    '+'  décalage et aller à l'état 12
    '*'  décalage et aller à l'état 13
    '/'  décalage et aller à l'état 14

    $défaut  réduction par utilisation de la règle 42 (comparaison)


État 238

   43 comparaison: ENTIER INFEG ENTIER •
   85 ENTIER: ENTIER • '*' ENTIER
   86       | ENTIER • '+' ENTIER
   87       | ENTIER • '-' ENTIER
   88       | ENTIER • '/' ENTIER

    '-'  décalage et aller à l'état 16
    '+'  décalage et aller à l'état 12
    '*'  décalage et aller à l'état 13
    '/'  décalage et aller à l'état 14

    $défaut  réduction par utilisation de la règle 43 (comparaison)


État 239

   44 comparaison: ENTIER SUPEG ENTIER •
   85 ENTIER: ENTIER • '*' ENTIER
   86       | ENTIER • '+' ENTIER
   87       | ENTIER • '-' ENTIER
   88       | ENTIER • '/' ENTIER

    '-'  décalage et aller à l'état 16
    '+'  décalage et aller à l'état 12
    '*'  décalage et aller à l'état 13
    '/'  décalage et aller à l'état 14

    $défaut  réduction par utilisation de la règle 44 (comparaison)


État 240

   45 comparaison: ENTIER '>' ENTIER •
   85 ENTIER: ENTIER • '*' ENTIER
   86       | ENTIER • '+' ENTIER
   87       | ENTIER • '-' ENTIER
   88       | ENTIER • '/' ENTIER

    '-'  décalage et aller à l'état 16
    '+'  décalage et aller à l'état 12
    '*'  décalage et aller à l'état 13
    '/'  décalage et aller à l'état 14

    $défaut  réduction par utilisation de la règle 45 (comparaison)


État 241

   46 comparaison: ENTIER '<' ENTIER •
   85 ENTIER: ENTIER • '*' ENTIER
   86       | ENTIER • '+' ENTIER
   87       | ENTIER • '-' ENTIER
   88       | ENTIER • '/' ENTIER

    '-'  décalage et aller à l'état 16
    '+'  décalage et aller à l'état 12
    '*'  décalage et aller à l'état 13
    '/'  décalage et aller à l'état 14

    $défaut  réduction par utilisation de la règle 46 (comparaison)


État 242

    8 boucle: WHILE '(' comparaison ')' '{' • NL instructions '}'

    NL  décalage et aller à l'état 278


État 243

    7 boucle: REPETE ENTIER FOIS '{' NL • instructions '}'

    RECTANGLE  décalage et aller à l'état 25
    CARRE      décalage et aller à l'état 26
    TRIANGLE   décalage et aller à l'état 27
    CERCLE     décalage et aller à l'état 28
    ELLIPSE    décalage et aller à l'état 29
    LIGNE      décalage et aller à l'état 30
    CHEMIN     décalage et aller à l'état 31
    TEXTE      décalage et aller à l'état 32
    STRING     décalage et aller à l'état 33
    COULEUR    décalage et aller à l'état 34
    BOOL       décalage et aller à l'état 35
    REEL       décalage et aller à l'état 36

    instructions    aller à l'état 279
    affectation     aller à l'état 44
    figures         aller à l'état 45
    VAR_COULEUR     aller à l'état 46
    VAR_FIGURE      aller à l'état 47
    figureavecattr  aller à l'état 48
    figuresansattr  aller à l'état 49


État 244

   11 COND: COND NL SINON '{' NL • instructions '}'

    RECTANGLE  décalage et aller à l'état 25
    CARRE      décalage et aller à l'état 26
    TRIANGLE   décalage et aller à l'état 27
    CERCLE     décalage et aller à l'état 28
    ELLIPSE    décalage et aller à l'état 29
    LIGNE      décalage et aller à l'état 30
    CHEMIN     décalage et aller à l'état 31
    TEXTE      décalage et aller à l'état 32
    STRING     décalage et aller à l'état 33
    COULEUR    décalage et aller à l'état 34
    BOOL       décalage et aller à l'état 35
    REEL       décalage et aller à l'état 36

    instructions    aller à l'état 280
    affectation     aller à l'état 44
    figures         aller à l'état 45
    VAR_COULEUR     aller à l'état 46
    VAR_FIGURE      aller à l'état 47
    figureavecattr  aller à l'état 48
    figuresansattr  aller à l'état 49


État 245

   91 VAL_COULEUR: RGB '(' NUMBER • ',' NUMBER ',' NUMBER ')'

    ','  décalage et aller à l'état 281


État 246

   26 affectation: VAR_FIGURE '.' REMPLISSAGE '=' VAL_COULEUR •

    $défaut  réduction par utilisation de la règle 26 (affectation)


État 247

   25 affectation: VAR_FIGURE '.' COULEUR '=' VAL_COULEUR •

    $défaut  réduction par utilisation de la règle 25 (affectation)


État 248

   27 affectation: VAR_FIGURE '.' EPAISSEUR '=' ENTIER •
   85 ENTIER: ENTIER • '*' ENTIER
   86       | ENTIER • '+' ENTIER
   87       | ENTIER • '-' ENTIER
   88       | ENTIER • '/' ENTIER

    '-'  décalage et aller à l'état 16
    '+'  décalage et aller à l'état 12
    '*'  décalage et aller à l'état 13
    '/'  décalage et aller à l'état 14

    $défaut  réduction par utilisation de la règle 27 (affectation)


État 249

   29 affectation: VAR_FIGURE '.' ROTATION '=' ENTIER •
   85 ENTIER: ENTIER • '*' ENTIER
   86       | ENTIER • '+' ENTIER
   87       | ENTIER • '-' ENTIER
   88       | ENTIER • '/' ENTIER

    '-'  décalage et aller à l'état 16
    '+'  décalage et aller à l'état 12
    '*'  décalage et aller à l'état 13
    '/'  décalage et aller à l'état 14

    $défaut  réduction par utilisation de la règle 29 (affectation)


État 250

   28 affectation: VAR_FIGURE '.' OPACITE '=' ENTIER • '%'
   85 ENTIER: ENTIER • '*' ENTIER
   86       | ENTIER • '+' ENTIER
   87       | ENTIER • '-' ENTIER
   88       | ENTIER • '/' ENTIER

    '-'  décalage et aller à l'état 16
    '+'  décalage et aller à l'état 12
    '*'  décalage et aller à l'état 13
    '/'  décalage et aller à l'état 14
    '%'  décalage et aller à l'état 282


État 251

   20 affectation: VAR_FIGURE '.' TAILLE '=' ENTIER •
   85 ENTIER: ENTIER • '*' ENTIER
   86       | ENTIER • '+' ENTIER
   87       | ENTIER • '-' ENTIER
   88       | ENTIER • '/' ENTIER

    '-'  décalage et aller à l'état 16
    '+'  décalage et aller à l'état 12
    '*'  décalage et aller à l'état 13
    '/'  décalage et aller à l'état 14

    $défaut  réduction par utilisation de la règle 20 (affectation)


État 252

   21 affectation: VAR_FIGURE '.' LONGUEUR '=' ENTIER •
   85 ENTIER: ENTIER • '*' ENTIER
   86       | ENTIER • '+' ENTIER
   87       | ENTIER • '-' ENTIER
   88       | ENTIER • '/' ENTIER

    '-'  décalage et aller à l'état 16
    '+'  décalage et aller à l'état 12
    '*'  décalage et aller à l'état 13
    '/'  décalage et aller à l'état 14

    $défaut  réduction par utilisation de la règle 21 (affectation)


État 253

   22 affectation: VAR_FIGURE '.' HAUTEUR '=' ENTIER •
   85 ENTIER: ENTIER • '*' ENTIER
   86       | ENTIER • '+' ENTIER
   87       | ENTIER • '-' ENTIER
   88       | ENTIER • '/' ENTIER

    '-'  décalage et aller à l'état 16
    '+'  décalage et aller à l'état 12
    '*'  décalage et aller à l'état 13
    '/'  décalage et aller à l'état 14

    $défaut  réduction par utilisation de la règle 22 (affectation)


État 254

   23 affectation: VAR_FIGURE '.' X '=' ENTIER •
   85 ENTIER: ENTIER • '*' ENTIER
   86       | ENTIER • '+' ENTIER
   87       | ENTIER • '-' ENTIER
   88       | ENTIER • '/' ENTIER

    '-'  décalage et aller à l'état 16
    '+'  décalage et aller à l'état 12
    '*'  décalage et aller à l'état 13
    '/'  décalage et aller à l'état 14

    $défaut  réduction par utilisation de la règle 23 (affectation)


État 255

   24 affectation: VAR_FIGURE '.' Y '=' ENTIER •
   85 ENTIER: ENTIER • '*' ENTIER
   86       | ENTIER • '+' ENTIER
   87       | ENTIER • '-' ENTIER
   88       | ENTIER • '/' ENTIER

    '-'  décalage et aller à l'état 16
    '+'  décalage et aller à l'état 12
    '*'  décalage et aller à l'état 13
    '/'  décalage et aller à l'état 14

    $défaut  réduction par utilisation de la règle 24 (affectation)


État 256

   30 affectation: VAR_FIGURE '.' X1 '=' ENTIER •
   85 ENTIER: ENTIER • '*' ENTIER
   86       | ENTIER • '+' ENTIER
   87       | ENTIER • '-' ENTIER
   88       | ENTIER • '/' ENTIER

    '-'  décalage et aller à l'état 16
    '+'  décalage et aller à l'état 12
    '*'  décalage et aller à l'état 13
    '/'  décalage et aller à l'état 14

    $défaut  réduction par utilisation de la règle 30 (affectation)


État 257

   32 affectation: VAR_FIGURE '.' X2 '=' ENTIER •
   85 ENTIER: ENTIER • '*' ENTIER
   86       | ENTIER • '+' ENTIER
   87       | ENTIER • '-' ENTIER
   88       | ENTIER • '/' ENTIER

    '-'  décalage et aller à l'état 16
    '+'  décalage et aller à l'état 12
    '*'  décalage et aller à l'état 13
    '/'  décalage et aller à l'état 14

    $défaut  réduction par utilisation de la règle 32 (affectation)


État 258

   34 affectation: VAR_FIGURE '.' X3 '=' ENTIER •
   85 ENTIER: ENTIER • '*' ENTIER
   86       | ENTIER • '+' ENTIER
   87       | ENTIER • '-' ENTIER
   88       | ENTIER • '/' ENTIER

    '-'  décalage et aller à l'état 16
    '+'  décalage et aller à l'état 12
    '*'  décalage et aller à l'état 13
    '/'  décalage et aller à l'état 14

    $défaut  réduction par utilisation de la règle 34 (affectation)


État 259

   36 affectation: VAR_FIGURE '.' X4 '=' ENTIER •
   85 ENTIER: ENTIER • '*' ENTIER
   86       | ENTIER • '+' ENTIER
   87       | ENTIER • '-' ENTIER
   88       | ENTIER • '/' ENTIER

    '-'  décalage et aller à l'état 16
    '+'  décalage et aller à l'état 12
    '*'  décalage et aller à l'état 13
    '/'  décalage et aller à l'état 14

    $défaut  réduction par utilisation de la règle 36 (affectation)


État 260

   31 affectation: VAR_FIGURE '.' Y1 '=' ENTIER •
   85 ENTIER: ENTIER • '*' ENTIER
   86       | ENTIER • '+' ENTIER
   87       | ENTIER • '-' ENTIER
   88       | ENTIER • '/' ENTIER

    '-'  décalage et aller à l'état 16
    '+'  décalage et aller à l'état 12
    '*'  décalage et aller à l'état 13
    '/'  décalage et aller à l'état 14

    $défaut  réduction par utilisation de la règle 31 (affectation)


État 261

   33 affectation: VAR_FIGURE '.' Y2 '=' ENTIER •
   85 ENTIER: ENTIER • '*' ENTIER
   86       | ENTIER • '+' ENTIER
   87       | ENTIER • '-' ENTIER
   88       | ENTIER • '/' ENTIER

    '-'  décalage et aller à l'état 16
    '+'  décalage et aller à l'état 12
    '*'  décalage et aller à l'état 13
    '/'  décalage et aller à l'état 14

    $défaut  réduction par utilisation de la règle 33 (affectation)


État 262

   35 affectation: VAR_FIGURE '.' Y3 '=' ENTIER •
   85 ENTIER: ENTIER • '*' ENTIER
   86       | ENTIER • '+' ENTIER
   87       | ENTIER • '-' ENTIER
   88       | ENTIER • '/' ENTIER

    '-'  décalage et aller à l'état 16
    '+'  décalage et aller à l'état 12
    '*'  décalage et aller à l'état 13
    '/'  décalage et aller à l'état 14

    $défaut  réduction par utilisation de la règle 35 (affectation)


État 263

   37 affectation: VAR_FIGURE '.' Y4 '=' ENTIER •
   85 ENTIER: ENTIER • '*' ENTIER
   86       | ENTIER • '+' ENTIER
   87       | ENTIER • '-' ENTIER
   88       | ENTIER • '/' ENTIER

    '-'  décalage et aller à l'état 16
    '+'  décalage et aller à l'état 12
    '*'  décalage et aller à l'état 13
    '/'  décalage et aller à l'état 14

    $défaut  réduction par utilisation de la règle 37 (affectation)


État 264

   38 affectation: VAR_FIGURE '.' RAYON '=' ENTIER •
   85 ENTIER: ENTIER • '*' ENTIER
   86       | ENTIER • '+' ENTIER
   87       | ENTIER • '-' ENTIER
   88       | ENTIER • '/' ENTIER

    '-'  décalage et aller à l'état 16
    '+'  décalage et aller à l'état 12
    '*'  décalage et aller à l'état 13
    '/'  décalage et aller à l'état 14

    $défaut  réduction par utilisation de la règle 38 (affectation)


État 265

   82 ATTR: REMPLISSAGE ':' VAL_COULEUR •

    $défaut  réduction par utilisation de la règle 82 (ATTR)


État 266

   81 ATTR: COULEUR ':' VAL_COULEUR •

    $défaut  réduction par utilisation de la règle 81 (ATTR)


État 267

   80 ATTR: EPAISSEUR ':' ENTIER •
   85 ENTIER: ENTIER • '*' ENTIER
   86       | ENTIER • '+' ENTIER
   87       | ENTIER • '-' ENTIER
   88       | ENTIER • '/' ENTIER

    '-'  décalage et aller à l'état 16
    '+'  décalage et aller à l'état 12
    '*'  décalage et aller à l'état 13
    '/'  décalage et aller à l'état 14

    $défaut  réduction par utilisation de la règle 80 (ATTR)


État 268

   78 ATTR: ROTATION ':' ENTIER •
   85 ENTIER: ENTIER • '*' ENTIER
   86       | ENTIER • '+' ENTIER
   87       | ENTIER • '-' ENTIER
   88       | ENTIER • '/' ENTIER

    '-'  décalage et aller à l'état 16
    '+'  décalage et aller à l'état 12
    '*'  décalage et aller à l'état 13
    '/'  décalage et aller à l'état 14

    $défaut  réduction par utilisation de la règle 78 (ATTR)


État 269

   79 ATTR: OPACITE ':' ENTIER • '%'
   85 ENTIER: ENTIER • '*' ENTIER
   86       | ENTIER • '+' ENTIER
   87       | ENTIER • '-' ENTIER
   88       | ENTIER • '/' ENTIER

    '-'  décalage et aller à l'état 16
    '+'  décalage et aller à l'état 12
    '*'  décalage et aller à l'état 13
    '/'  décalage et aller à l'état 14
    '%'  décalage et aller à l'état 283


État 270

   74 ATTRS1: ATTR '&' ATTRS1 •

    $défaut  réduction par utilisation de la règle 74 (ATTRS1)


État 271

   63 figureavecattr: figuresansattr '{' NL ATTRS2 '}' •

    $défaut  réduction par utilisation de la règle 63 (figureavecattr)


État 272

   76 ATTRS2: ATTR ';' • NL ATTRS2

    NL  décalage et aller à l'état 284


État 273

   64 figuresansattr: RECTANGLE ENTIER ENTIER ENTIER ENTIER ENTIER • ENTIER ENTIER ENTIER
   85 ENTIER: ENTIER • '*' ENTIER
   86       | ENTIER • '+' ENTIER
   87       | ENTIER • '-' ENTIER
   88       | ENTIER • '/' ENTIER

    NUMBER  décalage et aller à l'état 3
    STRING  décalage et aller à l'état 4
    INT     décalage et aller à l'état 5
    '-'     décalage et aller à l'état 11
    '+'     décalage et aller à l'état 12
    '*'     décalage et aller à l'état 13
    '/'     décalage et aller à l'état 14

    ENTIER  aller à l'état 285


État 274

   72 coords: ENTIER ENTIER • ',' coords
   73       | ENTIER ENTIER •
   85 ENTIER: ENTIER • '*' ENTIER
   86       | ENTIER • '+' ENTIER
   87       | ENTIER • '-' ENTIER
   88       | ENTIER • '/' ENTIER

    '-'  décalage et aller à l'état 16
    '+'  décalage et aller à l'état 12
    '*'  décalage et aller à l'état 13
    '/'  décalage et aller à l'état 14
    ','  décalage et aller à l'état 286

    $défaut  réduction par utilisation de la règle 73 (coords)


État 275

   39 comparaisons: '(' comparaison ')' AND • comparaisons
   40             | '(' comparaison ')' AND • '(' comparaison ')'

    '('  décalage et aller à l'état 287

    comparaisons  aller à l'état 288


État 276

   10 COND: SI '(' comparaisons ')' ALORS '{' • NL instructions '}'

    NL  décalage et aller à l'état 289


État 277

    9 COND: SI '(' comparaison ')' ALORS '{' • NL instructions '}'

    NL  décalage et aller à l'état 290


État 278

    8 boucle: WHILE '(' comparaison ')' '{' NL • instructions '}'

    RECTANGLE  décalage et aller à l'état 25
    CARRE      décalage et aller à l'état 26
    TRIANGLE   décalage et aller à l'état 27
    CERCLE     décalage et aller à l'état 28
    ELLIPSE    décalage et aller à l'état 29
    LIGNE      décalage et aller à l'état 30
    CHEMIN     décalage et aller à l'état 31
    TEXTE      décalage et aller à l'état 32
    STRING     décalage et aller à l'état 33
    COULEUR    décalage et aller à l'état 34
    BOOL       décalage et aller à l'état 35
    REEL       décalage et aller à l'état 36

    instructions    aller à l'état 291
    affectation     aller à l'état 44
    figures         aller à l'état 45
    VAR_COULEUR     aller à l'état 46
    VAR_FIGURE      aller à l'état 47
    figureavecattr  aller à l'état 48
    figuresansattr  aller à l'état 49


État 279

    7 boucle: REPETE ENTIER FOIS '{' NL instructions • '}'

    '}'  décalage et aller à l'état 292


État 280

   11 COND: COND NL SINON '{' NL instructions • '}'

    '}'  décalage et aller à l'état 293


État 281

   91 VAL_COULEUR: RGB '(' NUMBER ',' • NUMBER ',' NUMBER ')'

    NUMBER  décalage et aller à l'état 294


État 282

   28 affectation: VAR_FIGURE '.' OPACITE '=' ENTIER '%' •

    $défaut  réduction par utilisation de la règle 28 (affectation)


État 283

   79 ATTR: OPACITE ':' ENTIER '%' •

    $défaut  réduction par utilisation de la règle 79 (ATTR)


État 284

   76 ATTRS2: ATTR ';' NL • ATTRS2

    REMPLISSAGE  décalage et aller à l'état 154
    COULEUR      décalage et aller à l'état 155
    EPAISSEUR    décalage et aller à l'état 156
    ROTATION     décalage et aller à l'état 157
    OPACITE      décalage et aller à l'état 158

    $défaut  réduction par utilisation de la règle 77 (ATTRS2)

    ATTRS2  aller à l'état 295
    ATTR    aller à l'état 223


État 285

   64 figuresansattr: RECTANGLE ENTIER ENTIER ENTIER ENTIER ENTIER ENTIER • ENTIER ENTIER
   85 ENTIER: ENTIER • '*' ENTIER
   86       | ENTIER • '+' ENTIER
   87       | ENTIER • '-' ENTIER
   88       | ENTIER • '/' ENTIER

    NUMBER  décalage et aller à l'état 3
    STRING  décalage et aller à l'état 4
    INT     décalage et aller à l'état 5
    '-'     décalage et aller à l'état 11
    '+'     décalage et aller à l'état 12
    '*'     décalage et aller à l'état 13
    '/'     décalage et aller à l'état 14

    ENTIER  aller à l'état 296


État 286

   72 coords: ENTIER ENTIER ',' • coords

    NUMBER  décalage et aller à l'état 3
    STRING  décalage et aller à l'état 4
    INT     décalage et aller à l'état 5
    '-'     décalage et aller à l'état 6

    coords  aller à l'état 297
    ENTIER  aller à l'état 229


État 287

   39 comparaisons: '(' • comparaison ')' AND comparaisons
   40             | '(' • comparaison ')' AND '(' comparaison ')'
   40             | '(' comparaison ')' AND '(' • comparaison ')'

    NUMBER   décalage et aller à l'état 3
    STRING   décalage et aller à l'état 111
    COULEUR  décalage et aller à l'état 34
    INT      décalage et aller à l'état 5
    '-'      décalage et aller à l'état 6

    comparaison  aller à l'état 298
    VAR_COULEUR  aller à l'état 115
    ENTIER       aller à l'état 116


État 288

   39 comparaisons: '(' comparaison ')' AND comparaisons •

    $défaut  réduction par utilisation de la règle 39 (comparaisons)


État 289

   10 COND: SI '(' comparaisons ')' ALORS '{' NL • instructions '}'

    RECTANGLE  décalage et aller à l'état 25
    CARRE      décalage et aller à l'état 26
    TRIANGLE   décalage et aller à l'état 27
    CERCLE     décalage et aller à l'état 28
    ELLIPSE    décalage et aller à l'état 29
    LIGNE      décalage et aller à l'état 30
    CHEMIN     décalage et aller à l'état 31
    TEXTE      décalage et aller à l'état 32
    STRING     décalage et aller à l'état 33
    COULEUR    décalage et aller à l'état 34
    BOOL       décalage et aller à l'état 35
    REEL       décalage et aller à l'état 36

    instructions    aller à l'état 299
    affectation     aller à l'état 44
    figures         aller à l'état 45
    VAR_COULEUR     aller à l'état 46
    VAR_FIGURE      aller à l'état 47
    figureavecattr  aller à l'état 48
    figuresansattr  aller à l'état 49


État 290

    9 COND: SI '(' comparaison ')' ALORS '{' NL • instructions '}'

    RECTANGLE  décalage et aller à l'état 25
    CARRE      décalage et aller à l'état 26
    TRIANGLE   décalage et aller à l'état 27
    CERCLE     décalage et aller à l'état 28
    ELLIPSE    décalage et aller à l'état 29
    LIGNE      décalage et aller à l'état 30
    CHEMIN     décalage et aller à l'état 31
    TEXTE      décalage et aller à l'état 32
    STRING     décalage et aller à l'état 33
    COULEUR    décalage et aller à l'état 34
    BOOL       décalage et aller à l'état 35
    REEL       décalage et aller à l'état 36

    instructions    aller à l'état 300
    affectation     aller à l'état 44
    figures         aller à l'état 45
    VAR_COULEUR     aller à l'état 46
    VAR_FIGURE      aller à l'état 47
    figureavecattr  aller à l'état 48
    figuresansattr  aller à l'état 49


État 291

    8 boucle: WHILE '(' comparaison ')' '{' NL instructions • '}'

    '}'  décalage et aller à l'état 301


État 292

    7 boucle: REPETE ENTIER FOIS '{' NL instructions '}' •

    $défaut  réduction par utilisation de la règle 7 (boucle)


État 293

   11 COND: COND NL SINON '{' NL instructions '}' •

    $défaut  réduction par utilisation de la règle 11 (COND)


État 294

   91 VAL_COULEUR: RGB '(' NUMBER ',' NUMBER • ',' NUMBER ')'

    ','  décalage et aller à l'état 302


État 295

   76 ATTRS2: ATTR ';' NL ATTRS2 •

    $défaut  réduction par utilisation de la règle 76 (ATTRS2)


État 296

   64 figuresansattr: RECTANGLE ENTIER ENTIER ENTIER ENTIER ENTIER ENTIER ENTIER • ENTIER
   85 ENTIER: ENTIER • '*' ENTIER
   86       | ENTIER • '+' ENTIER
   87       | ENTIER • '-' ENTIER
   88       | ENTIER • '/' ENTIER

    NUMBER  décalage et aller à l'état 3
    STRING  décalage et aller à l'état 4
    INT     décalage et aller à l'état 5
    '-'     décalage et aller à l'état 11
    '+'     décalage et aller à l'état 12
    '*'     décalage et aller à l'état 13
    '/'     décalage et aller à l'état 14

    ENTIER  aller à l'état 303


État 297

   72 coords: ENTIER ENTIER ',' coords •

    $défaut  réduction par utilisation de la règle 72 (coords)


État 298

   39 comparaisons: '(' comparaison • ')' AND comparaisons
   40             | '(' comparaison • ')' AND '(' comparaison ')'
   40             | '(' comparaison ')' AND '(' comparaison • ')'

    ')'  décalage et aller à l'état 304


État 299

   10 COND: SI '(' comparaisons ')' ALORS '{' NL instructions • '}'

    '}'  décalage et aller à l'état 305


État 300

    9 COND: SI '(' comparaison ')' ALORS '{' NL instructions • '}'

    '}'  décalage et aller à l'état 306


État 301

    8 boucle: WHILE '(' comparaison ')' '{' NL instructions '}' •

    $défaut  réduction par utilisation de la règle 8 (boucle)


État 302

   91 VAL_COULEUR: RGB '(' NUMBER ',' NUMBER ',' • NUMBER ')'

    NUMBER  décalage et aller à l'état 307


État 303

   64 figuresansattr: RECTANGLE ENTIER ENTIER ENTIER ENTIER ENTIER ENTIER ENTIER ENTIER •
   85 ENTIER: ENTIER • '*' ENTIER
   86       | ENTIER • '+' ENTIER
   87       | ENTIER • '-' ENTIER
   88       | ENTIER • '/' ENTIER

    '-'  décalage et aller à l'état 16
    '+'  décalage et aller à l'état 12
    '*'  décalage et aller à l'état 13
    '/'  décalage et aller à l'état 14

    $défaut  réduction par utilisation de la règle 64 (figuresansattr)


État 304

   39 comparaisons: '(' comparaison ')' • AND comparaisons
   40             | '(' comparaison ')' • AND '(' comparaison ')'
   40             | '(' comparaison ')' AND '(' comparaison ')' •

    AND  décalage et aller à l'état 275

    $défaut  réduction par utilisation de la règle 40 (comparaisons)


État 305

   10 COND: SI '(' comparaisons ')' ALORS '{' NL instructions '}' •

    $défaut  réduction par utilisation de la règle 10 (COND)


État 306

    9 COND: SI '(' comparaison ')' ALORS '{' NL instructions '}' •

    $défaut  réduction par utilisation de la règle 9 (COND)


État 307

   91 VAL_COULEUR: RGB '(' NUMBER ',' NUMBER ',' NUMBER • ')'

    ')'  décalage et aller à l'état 308


État 308

   91 VAL_COULEUR: RGB '(' NUMBER ',' NUMBER ',' NUMBER ')' •

    $défaut  réduction par utilisation de la règle 91 (VAL_COULEUR)
